{"/home/devel/nocloud/app/api/checkout/route.ts": {"path":"/home/devel/nocloud/app/api/checkout/route.ts","all":false,"statementMap":{"0":{"start":{"line":1,"column":0},"end":{"line":1,"column":56}},"5":{"start":{"line":6,"column":0},"end":{"line":6,"column":50}},"6":{"start":{"line":7,"column":0},"end":{"line":7,"column":39}},"7":{"start":{"line":8,"column":0},"end":{"line":8,"column":31}},"8":{"start":{"line":9,"column":0},"end":{"line":9,"column":159}},"9":{"start":{"line":10,"column":0},"end":{"line":10,"column":24}},"10":{"start":{"line":11,"column":0},"end":{"line":11,"column":3}},"12":{"start":{"line":13,"column":0},"end":{"line":13,"column":60}},"13":{"start":{"line":14,"column":0},"end":{"line":14,"column":43}},"14":{"start":{"line":15,"column":0},"end":{"line":15,"column":5}},"16":{"start":{"line":17,"column":0},"end":{"line":17,"column":7}},"17":{"start":{"line":18,"column":0},"end":{"line":18,"column":38}},"18":{"start":{"line":19,"column":0},"end":{"line":19,"column":11}},"19":{"start":{"line":20,"column":0},"end":{"line":20,"column":12}},"20":{"start":{"line":21,"column":0},"end":{"line":21,"column":17}},"21":{"start":{"line":22,"column":0},"end":{"line":22,"column":14}},"22":{"start":{"line":23,"column":0},"end":{"line":23,"column":16}},"23":{"start":{"line":24,"column":0},"end":{"line":24,"column":15}},"24":{"start":{"line":25,"column":0},"end":{"line":25,"column":14}},"25":{"start":{"line":26,"column":0},"end":{"line":26,"column":11}},"26":{"start":{"line":27,"column":0},"end":{"line":27,"column":13}},"27":{"start":{"line":28,"column":0},"end":{"line":28,"column":14}},"28":{"start":{"line":29,"column":0},"end":{"line":29,"column":20}},"29":{"start":{"line":30,"column":0},"end":{"line":30,"column":25}},"30":{"start":{"line":31,"column":0},"end":{"line":31,"column":20}},"31":{"start":{"line":32,"column":0},"end":{"line":32,"column":13}},"35":{"start":{"line":36,"column":0},"end":{"line":36,"column":26}},"36":{"start":{"line":37,"column":0},"end":{"line":37,"column":28}},"37":{"start":{"line":38,"column":0},"end":{"line":38,"column":79}},"39":{"start":{"line":40,"column":0},"end":{"line":40,"column":39}},"40":{"start":{"line":41,"column":0},"end":{"line":41,"column":37}},"41":{"start":{"line":42,"column":0},"end":{"line":42,"column":60}},"42":{"start":{"line":43,"column":0},"end":{"line":43,"column":81}},"43":{"start":{"line":44,"column":0},"end":{"line":44,"column":37}},"45":{"start":{"line":46,"column":0},"end":{"line":46,"column":39}},"46":{"start":{"line":47,"column":0},"end":{"line":47,"column":29}},"47":{"start":{"line":48,"column":0},"end":{"line":48,"column":67}},"48":{"start":{"line":49,"column":0},"end":{"line":49,"column":69}},"49":{"start":{"line":50,"column":0},"end":{"line":50,"column":41}},"50":{"start":{"line":51,"column":0},"end":{"line":51,"column":37}},"52":{"start":{"line":53,"column":0},"end":{"line":53,"column":62}},"53":{"start":{"line":54,"column":0},"end":{"line":54,"column":78}},"54":{"start":{"line":55,"column":0},"end":{"line":55,"column":7}},"55":{"start":{"line":56,"column":0},"end":{"line":56,"column":5}},"62":{"start":{"line":63,"column":0},"end":{"line":63,"column":45}},"63":{"start":{"line":64,"column":0},"end":{"line":64,"column":16}},"64":{"start":{"line":65,"column":0},"end":{"line":65,"column":11}},"65":{"start":{"line":66,"column":0},"end":{"line":66,"column":56}},"66":{"start":{"line":67,"column":0},"end":{"line":67,"column":16}},"67":{"start":{"line":68,"column":0},"end":{"line":68,"column":37}},"68":{"start":{"line":69,"column":0},"end":{"line":69,"column":20}},"69":{"start":{"line":70,"column":0},"end":{"line":70,"column":40}},"70":{"start":{"line":71,"column":0},"end":{"line":71,"column":36}},"71":{"start":{"line":72,"column":0},"end":{"line":72,"column":45}},"72":{"start":{"line":73,"column":0},"end":{"line":73,"column":42}},"73":{"start":{"line":74,"column":0},"end":{"line":74,"column":12}},"74":{"start":{"line":75,"column":0},"end":{"line":75,"column":21}},"75":{"start":{"line":76,"column":0},"end":{"line":76,"column":43}},"76":{"start":{"line":77,"column":0},"end":{"line":77,"column":43}},"77":{"start":{"line":78,"column":0},"end":{"line":78,"column":41}},"78":{"start":{"line":79,"column":0},"end":{"line":79,"column":12}},"79":{"start":{"line":80,"column":0},"end":{"line":80,"column":11}},"80":{"start":{"line":81,"column":0},"end":{"line":81,"column":39}},"81":{"start":{"line":82,"column":0},"end":{"line":82,"column":25}},"82":{"start":{"line":83,"column":0},"end":{"line":83,"column":116}},"83":{"start":{"line":84,"column":0},"end":{"line":84,"column":7}},"84":{"start":{"line":85,"column":0},"end":{"line":85,"column":5}},"86":{"start":{"line":87,"column":0},"end":{"line":87,"column":25}},"87":{"start":{"line":88,"column":0},"end":{"line":88,"column":70}},"89":{"start":{"line":90,"column":0},"end":{"line":90,"column":32}},"90":{"start":{"line":91,"column":0},"end":{"line":91,"column":68}},"91":{"start":{"line":92,"column":0},"end":{"line":92,"column":47}},"92":{"start":{"line":93,"column":0},"end":{"line":93,"column":5}},"94":{"start":{"line":95,"column":0},"end":{"line":95,"column":75}},"98":{"start":{"line":99,"column":0},"end":{"line":99,"column":93}},"99":{"start":{"line":100,"column":0},"end":{"line":100,"column":32}},"100":{"start":{"line":101,"column":0},"end":{"line":101,"column":103}},"101":{"start":{"line":102,"column":0},"end":{"line":102,"column":26}},"102":{"start":{"line":103,"column":0},"end":{"line":103,"column":5}},"103":{"start":{"line":104,"column":0},"end":{"line":104,"column":70}},"104":{"start":{"line":105,"column":0},"end":{"line":105,"column":32}},"105":{"start":{"line":106,"column":0},"end":{"line":106,"column":106}},"106":{"start":{"line":107,"column":0},"end":{"line":107,"column":26}},"107":{"start":{"line":108,"column":0},"end":{"line":108,"column":5}},"108":{"start":{"line":109,"column":0},"end":{"line":109,"column":87}},"109":{"start":{"line":110,"column":0},"end":{"line":110,"column":32}},"110":{"start":{"line":111,"column":0},"end":{"line":111,"column":129}},"111":{"start":{"line":112,"column":0},"end":{"line":112,"column":26}},"112":{"start":{"line":113,"column":0},"end":{"line":113,"column":5}},"114":{"start":{"line":115,"column":0},"end":{"line":115,"column":65}},"115":{"start":{"line":116,"column":0},"end":{"line":116,"column":32}},"116":{"start":{"line":117,"column":0},"end":{"line":117,"column":261}},"117":{"start":{"line":118,"column":0},"end":{"line":118,"column":26}},"118":{"start":{"line":119,"column":0},"end":{"line":119,"column":5}},"126":{"start":{"line":127,"column":0},"end":{"line":127,"column":32}},"132":{"start":{"line":133,"column":0},"end":{"line":133,"column":30}},"133":{"start":{"line":134,"column":0},"end":{"line":134,"column":21}},"134":{"start":{"line":135,"column":0},"end":{"line":135,"column":116}},"135":{"start":{"line":136,"column":0},"end":{"line":136,"column":9}},"136":{"start":{"line":137,"column":0},"end":{"line":137,"column":13}},"137":{"start":{"line":138,"column":0},"end":{"line":138,"column":58}},"138":{"start":{"line":139,"column":0},"end":{"line":139,"column":18}},"139":{"start":{"line":140,"column":0},"end":{"line":140,"column":39}},"140":{"start":{"line":141,"column":0},"end":{"line":141,"column":22}},"141":{"start":{"line":142,"column":0},"end":{"line":142,"column":42}},"142":{"start":{"line":143,"column":0},"end":{"line":143,"column":38}},"143":{"start":{"line":144,"column":0},"end":{"line":144,"column":47}},"144":{"start":{"line":145,"column":0},"end":{"line":145,"column":44}},"145":{"start":{"line":146,"column":0},"end":{"line":146,"column":14}},"146":{"start":{"line":147,"column":0},"end":{"line":147,"column":23}},"147":{"start":{"line":148,"column":0},"end":{"line":148,"column":45}},"148":{"start":{"line":149,"column":0},"end":{"line":149,"column":45}},"149":{"start":{"line":150,"column":0},"end":{"line":150,"column":43}},"150":{"start":{"line":151,"column":0},"end":{"line":151,"column":14}},"151":{"start":{"line":152,"column":0},"end":{"line":152,"column":13}},"152":{"start":{"line":153,"column":0},"end":{"line":153,"column":41}},"153":{"start":{"line":154,"column":0},"end":{"line":154,"column":27}},"154":{"start":{"line":155,"column":0},"end":{"line":155,"column":79}},"155":{"start":{"line":156,"column":0},"end":{"line":156,"column":112}},"156":{"start":{"line":157,"column":0},"end":{"line":157,"column":9}},"157":{"start":{"line":158,"column":0},"end":{"line":158,"column":7}},"159":{"start":{"line":160,"column":0},"end":{"line":160,"column":34}},"162":{"start":{"line":163,"column":0},"end":{"line":163,"column":36}},"163":{"start":{"line":164,"column":0},"end":{"line":164,"column":64}},"164":{"start":{"line":165,"column":0},"end":{"line":165,"column":63}},"171":{"start":{"line":172,"column":0},"end":{"line":172,"column":40}},"172":{"start":{"line":173,"column":0},"end":{"line":173,"column":61}},"173":{"start":{"line":174,"column":0},"end":{"line":174,"column":37}},"174":{"start":{"line":175,"column":0},"end":{"line":175,"column":44}},"175":{"start":{"line":176,"column":0},"end":{"line":176,"column":29}},"176":{"start":{"line":177,"column":0},"end":{"line":177,"column":29}},"177":{"start":{"line":178,"column":0},"end":{"line":178,"column":21}},"178":{"start":{"line":179,"column":0},"end":{"line":179,"column":43}},"179":{"start":{"line":180,"column":0},"end":{"line":180,"column":43}},"180":{"start":{"line":181,"column":0},"end":{"line":181,"column":41}},"181":{"start":{"line":182,"column":0},"end":{"line":182,"column":128}},"182":{"start":{"line":183,"column":0},"end":{"line":183,"column":31}},"183":{"start":{"line":184,"column":0},"end":{"line":184,"column":36}},"184":{"start":{"line":185,"column":0},"end":{"line":185,"column":65}},"185":{"start":{"line":186,"column":0},"end":{"line":186,"column":58}},"186":{"start":{"line":187,"column":0},"end":{"line":187,"column":50}},"187":{"start":{"line":188,"column":0},"end":{"line":188,"column":49}},"188":{"start":{"line":189,"column":0},"end":{"line":189,"column":67}},"189":{"start":{"line":190,"column":0},"end":{"line":190,"column":62}},"190":{"start":{"line":191,"column":0},"end":{"line":191,"column":43}},"191":{"start":{"line":192,"column":0},"end":{"line":192,"column":45}},"192":{"start":{"line":193,"column":0},"end":{"line":193,"column":19}},"193":{"start":{"line":194,"column":0},"end":{"line":194,"column":37}},"194":{"start":{"line":195,"column":0},"end":{"line":195,"column":53}},"195":{"start":{"line":196,"column":0},"end":{"line":196,"column":47}},"196":{"start":{"line":197,"column":0},"end":{"line":197,"column":61}},"197":{"start":{"line":198,"column":0},"end":{"line":198,"column":12}},"198":{"start":{"line":199,"column":0},"end":{"line":199,"column":11}},"200":{"start":{"line":201,"column":0},"end":{"line":201,"column":42}},"201":{"start":{"line":202,"column":0},"end":{"line":202,"column":37}},"202":{"start":{"line":203,"column":0},"end":{"line":203,"column":37}},"203":{"start":{"line":204,"column":0},"end":{"line":204,"column":44}},"204":{"start":{"line":205,"column":0},"end":{"line":205,"column":26}},"205":{"start":{"line":206,"column":0},"end":{"line":206,"column":92}},"206":{"start":{"line":207,"column":0},"end":{"line":207,"column":11}},"208":{"start":{"line":209,"column":0},"end":{"line":209,"column":65}},"212":{"start":{"line":213,"column":0},"end":{"line":213,"column":98}},"213":{"start":{"line":214,"column":0},"end":{"line":214,"column":46}},"214":{"start":{"line":215,"column":0},"end":{"line":215,"column":48}},"215":{"start":{"line":216,"column":0},"end":{"line":216,"column":15}},"216":{"start":{"line":217,"column":0},"end":{"line":217,"column":41}},"217":{"start":{"line":218,"column":0},"end":{"line":218,"column":29}},"218":{"start":{"line":219,"column":0},"end":{"line":219,"column":104}},"219":{"start":{"line":220,"column":0},"end":{"line":220,"column":102}},"220":{"start":{"line":221,"column":0},"end":{"line":221,"column":38}},"221":{"start":{"line":222,"column":0},"end":{"line":222,"column":62}},"222":{"start":{"line":223,"column":0},"end":{"line":223,"column":42}},"223":{"start":{"line":224,"column":0},"end":{"line":224,"column":28}},"224":{"start":{"line":225,"column":0},"end":{"line":225,"column":21}},"225":{"start":{"line":226,"column":0},"end":{"line":226,"column":118}},"226":{"start":{"line":227,"column":0},"end":{"line":227,"column":478}},"227":{"start":{"line":228,"column":0},"end":{"line":228,"column":69}},"228":{"start":{"line":229,"column":0},"end":{"line":229,"column":68}},"230":{"start":{"line":231,"column":0},"end":{"line":231,"column":15}},"231":{"start":{"line":232,"column":0},"end":{"line":232,"column":92}},"232":{"start":{"line":233,"column":0},"end":{"line":233,"column":9}},"233":{"start":{"line":234,"column":0},"end":{"line":234,"column":48}},"234":{"start":{"line":235,"column":0},"end":{"line":235,"column":15}},"235":{"start":{"line":236,"column":0},"end":{"line":236,"column":38}},"236":{"start":{"line":237,"column":0},"end":{"line":237,"column":62}},"237":{"start":{"line":238,"column":0},"end":{"line":238,"column":42}},"238":{"start":{"line":239,"column":0},"end":{"line":239,"column":86}},"239":{"start":{"line":240,"column":0},"end":{"line":240,"column":192}},"240":{"start":{"line":241,"column":0},"end":{"line":241,"column":15}},"241":{"start":{"line":242,"column":0},"end":{"line":242,"column":87}},"242":{"start":{"line":243,"column":0},"end":{"line":243,"column":9}},"244":{"start":{"line":245,"column":0},"end":{"line":245,"column":118}},"245":{"start":{"line":246,"column":0},"end":{"line":246,"column":82}},"246":{"start":{"line":247,"column":0},"end":{"line":247,"column":14}},"248":{"start":{"line":249,"column":0},"end":{"line":249,"column":72}},"250":{"start":{"line":251,"column":0},"end":{"line":251,"column":59}},"251":{"start":{"line":252,"column":0},"end":{"line":252,"column":53}},"252":{"start":{"line":253,"column":0},"end":{"line":253,"column":237}},"253":{"start":{"line":254,"column":0},"end":{"line":254,"column":11}},"255":{"start":{"line":256,"column":0},"end":{"line":256,"column":32}},"256":{"start":{"line":257,"column":0},"end":{"line":257,"column":37}},"257":{"start":{"line":258,"column":0},"end":{"line":258,"column":52}},"258":{"start":{"line":259,"column":0},"end":{"line":259,"column":18}},"259":{"start":{"line":260,"column":0},"end":{"line":260,"column":13}},"260":{"start":{"line":261,"column":0},"end":{"line":261,"column":27}},"261":{"start":{"line":262,"column":0},"end":{"line":262,"column":32}},"262":{"start":{"line":263,"column":0},"end":{"line":263,"column":41}},"263":{"start":{"line":264,"column":0},"end":{"line":264,"column":58}},"264":{"start":{"line":265,"column":0},"end":{"line":265,"column":49}},"265":{"start":{"line":266,"column":0},"end":{"line":266,"column":16}},"266":{"start":{"line":267,"column":0},"end":{"line":267,"column":14}},"267":{"start":{"line":268,"column":0},"end":{"line":268,"column":12}},"268":{"start":{"line":269,"column":0},"end":{"line":269,"column":30}},"269":{"start":{"line":270,"column":0},"end":{"line":270,"column":30}},"270":{"start":{"line":271,"column":0},"end":{"line":271,"column":49}},"271":{"start":{"line":272,"column":0},"end":{"line":272,"column":21}},"272":{"start":{"line":273,"column":0},"end":{"line":273,"column":43}},"273":{"start":{"line":274,"column":0},"end":{"line":274,"column":43}},"274":{"start":{"line":275,"column":0},"end":{"line":275,"column":41}},"275":{"start":{"line":276,"column":0},"end":{"line":276,"column":128}},"276":{"start":{"line":277,"column":0},"end":{"line":277,"column":31}},"277":{"start":{"line":278,"column":0},"end":{"line":278,"column":50}},"278":{"start":{"line":279,"column":0},"end":{"line":279,"column":49}},"279":{"start":{"line":280,"column":0},"end":{"line":280,"column":65}},"280":{"start":{"line":281,"column":0},"end":{"line":281,"column":67}},"281":{"start":{"line":282,"column":0},"end":{"line":282,"column":62}},"282":{"start":{"line":283,"column":0},"end":{"line":283,"column":43}},"283":{"start":{"line":284,"column":0},"end":{"line":284,"column":45}},"284":{"start":{"line":285,"column":0},"end":{"line":285,"column":19}},"285":{"start":{"line":286,"column":0},"end":{"line":286,"column":37}},"286":{"start":{"line":287,"column":0},"end":{"line":287,"column":53}},"287":{"start":{"line":288,"column":0},"end":{"line":288,"column":47}},"288":{"start":{"line":289,"column":0},"end":{"line":289,"column":43}},"289":{"start":{"line":290,"column":0},"end":{"line":290,"column":61}},"290":{"start":{"line":291,"column":0},"end":{"line":291,"column":47}},"291":{"start":{"line":292,"column":0},"end":{"line":292,"column":12}},"292":{"start":{"line":293,"column":0},"end":{"line":293,"column":37}},"293":{"start":{"line":294,"column":0},"end":{"line":294,"column":10}},"295":{"start":{"line":296,"column":0},"end":{"line":296,"column":74}},"296":{"start":{"line":297,"column":0},"end":{"line":297,"column":43}},"301":{"start":{"line":302,"column":0},"end":{"line":302,"column":46}},"302":{"start":{"line":303,"column":0},"end":{"line":303,"column":50}},"303":{"start":{"line":304,"column":0},"end":{"line":304,"column":15}},"304":{"start":{"line":305,"column":0},"end":{"line":305,"column":82}},"305":{"start":{"line":306,"column":0},"end":{"line":306,"column":76}},"306":{"start":{"line":307,"column":0},"end":{"line":307,"column":37}},"307":{"start":{"line":308,"column":0},"end":{"line":308,"column":41}},"308":{"start":{"line":309,"column":0},"end":{"line":309,"column":56}},"309":{"start":{"line":310,"column":0},"end":{"line":310,"column":34}},"310":{"start":{"line":311,"column":0},"end":{"line":311,"column":53}},"311":{"start":{"line":312,"column":0},"end":{"line":312,"column":23}},"312":{"start":{"line":313,"column":0},"end":{"line":313,"column":29}},"313":{"start":{"line":314,"column":0},"end":{"line":314,"column":34}},"314":{"start":{"line":315,"column":0},"end":{"line":315,"column":45}},"315":{"start":{"line":316,"column":0},"end":{"line":316,"column":57}},"316":{"start":{"line":317,"column":0},"end":{"line":317,"column":51}},"317":{"start":{"line":318,"column":0},"end":{"line":318,"column":18}},"318":{"start":{"line":319,"column":0},"end":{"line":319,"column":17}},"319":{"start":{"line":320,"column":0},"end":{"line":320,"column":25}},"320":{"start":{"line":321,"column":0},"end":{"line":321,"column":32}},"321":{"start":{"line":322,"column":0},"end":{"line":322,"column":41}},"322":{"start":{"line":323,"column":0},"end":{"line":323,"column":16}},"323":{"start":{"line":324,"column":0},"end":{"line":324,"column":14}},"324":{"start":{"line":325,"column":0},"end":{"line":325,"column":73}},"325":{"start":{"line":326,"column":0},"end":{"line":326,"column":47}},"326":{"start":{"line":327,"column":0},"end":{"line":327,"column":158}},"327":{"start":{"line":328,"column":0},"end":{"line":328,"column":23}},"328":{"start":{"line":329,"column":0},"end":{"line":329,"column":80}},"329":{"start":{"line":330,"column":0},"end":{"line":330,"column":11}},"330":{"start":{"line":331,"column":0},"end":{"line":331,"column":9}},"333":{"start":{"line":334,"column":0},"end":{"line":334,"column":80}},"334":{"start":{"line":335,"column":0},"end":{"line":335,"column":63}},"336":{"start":{"line":337,"column":0},"end":{"line":337,"column":70}},"337":{"start":{"line":338,"column":0},"end":{"line":338,"column":40}},"338":{"start":{"line":339,"column":0},"end":{"line":339,"column":26}},"339":{"start":{"line":340,"column":0},"end":{"line":340,"column":24}},"340":{"start":{"line":341,"column":0},"end":{"line":341,"column":25}},"341":{"start":{"line":342,"column":0},"end":{"line":342,"column":30}},"342":{"start":{"line":343,"column":0},"end":{"line":343,"column":29}},"343":{"start":{"line":344,"column":0},"end":{"line":344,"column":78}},"344":{"start":{"line":345,"column":0},"end":{"line":345,"column":107}},"345":{"start":{"line":346,"column":0},"end":{"line":346,"column":16}},"346":{"start":{"line":347,"column":0},"end":{"line":347,"column":53}},"347":{"start":{"line":348,"column":0},"end":{"line":348,"column":14}},"348":{"start":{"line":349,"column":0},"end":{"line":349,"column":24}},"349":{"start":{"line":350,"column":0},"end":{"line":350,"column":13}},"350":{"start":{"line":351,"column":0},"end":{"line":351,"column":37}},"351":{"start":{"line":352,"column":0},"end":{"line":352,"column":139}},"352":{"start":{"line":353,"column":0},"end":{"line":353,"column":111}},"353":{"start":{"line":354,"column":0},"end":{"line":354,"column":17}},"354":{"start":{"line":355,"column":0},"end":{"line":355,"column":21}},"355":{"start":{"line":356,"column":0},"end":{"line":356,"column":43}},"356":{"start":{"line":357,"column":0},"end":{"line":357,"column":43}},"357":{"start":{"line":358,"column":0},"end":{"line":358,"column":41}},"358":{"start":{"line":359,"column":0},"end":{"line":359,"column":128}},"359":{"start":{"line":360,"column":0},"end":{"line":360,"column":31}},"360":{"start":{"line":361,"column":0},"end":{"line":361,"column":37}},"361":{"start":{"line":362,"column":0},"end":{"line":362,"column":46}},"362":{"start":{"line":363,"column":0},"end":{"line":363,"column":70}},"363":{"start":{"line":364,"column":0},"end":{"line":364,"column":50}},"364":{"start":{"line":365,"column":0},"end":{"line":365,"column":65}},"365":{"start":{"line":366,"column":0},"end":{"line":366,"column":67}},"366":{"start":{"line":367,"column":0},"end":{"line":367,"column":62}},"367":{"start":{"line":368,"column":0},"end":{"line":368,"column":43}},"368":{"start":{"line":369,"column":0},"end":{"line":369,"column":45}},"369":{"start":{"line":370,"column":0},"end":{"line":370,"column":19}},"370":{"start":{"line":371,"column":0},"end":{"line":371,"column":37}},"371":{"start":{"line":372,"column":0},"end":{"line":372,"column":53}},"372":{"start":{"line":373,"column":0},"end":{"line":373,"column":47}},"373":{"start":{"line":374,"column":0},"end":{"line":374,"column":12}},"374":{"start":{"line":375,"column":0},"end":{"line":375,"column":32}},"375":{"start":{"line":376,"column":0},"end":{"line":376,"column":46}},"376":{"start":{"line":377,"column":0},"end":{"line":377,"column":12}},"377":{"start":{"line":378,"column":0},"end":{"line":378,"column":11}},"379":{"start":{"line":380,"column":0},"end":{"line":380,"column":62}},"380":{"start":{"line":381,"column":0},"end":{"line":381,"column":7}},"381":{"start":{"line":382,"column":0},"end":{"line":382,"column":5}},"383":{"start":{"line":384,"column":0},"end":{"line":384,"column":38}},"397":{"start":{"line":398,"column":0},"end":{"line":398,"column":39}},"398":{"start":{"line":399,"column":0},"end":{"line":399,"column":13}},"399":{"start":{"line":400,"column":0},"end":{"line":400,"column":58}},"400":{"start":{"line":401,"column":0},"end":{"line":401,"column":18}},"401":{"start":{"line":402,"column":0},"end":{"line":402,"column":39}},"402":{"start":{"line":403,"column":0},"end":{"line":403,"column":22}},"403":{"start":{"line":404,"column":0},"end":{"line":404,"column":42}},"404":{"start":{"line":405,"column":0},"end":{"line":405,"column":38}},"405":{"start":{"line":406,"column":0},"end":{"line":406,"column":47}},"406":{"start":{"line":407,"column":0},"end":{"line":407,"column":44}},"407":{"start":{"line":408,"column":0},"end":{"line":408,"column":14}},"408":{"start":{"line":409,"column":0},"end":{"line":409,"column":23}},"409":{"start":{"line":410,"column":0},"end":{"line":410,"column":45}},"410":{"start":{"line":411,"column":0},"end":{"line":411,"column":45}},"411":{"start":{"line":412,"column":0},"end":{"line":412,"column":43}},"412":{"start":{"line":413,"column":0},"end":{"line":413,"column":14}},"413":{"start":{"line":414,"column":0},"end":{"line":414,"column":13}},"414":{"start":{"line":415,"column":0},"end":{"line":415,"column":41}},"415":{"start":{"line":416,"column":0},"end":{"line":416,"column":27}},"416":{"start":{"line":417,"column":0},"end":{"line":417,"column":81}},"417":{"start":{"line":418,"column":0},"end":{"line":418,"column":106}},"418":{"start":{"line":419,"column":0},"end":{"line":419,"column":9}},"419":{"start":{"line":420,"column":0},"end":{"line":420,"column":7}},"422":{"start":{"line":423,"column":0},"end":{"line":423,"column":52}},"423":{"start":{"line":424,"column":0},"end":{"line":424,"column":35}},"424":{"start":{"line":425,"column":0},"end":{"line":425,"column":42}},"425":{"start":{"line":426,"column":0},"end":{"line":426,"column":27}},"426":{"start":{"line":427,"column":0},"end":{"line":427,"column":27}},"427":{"start":{"line":428,"column":0},"end":{"line":428,"column":19}},"428":{"start":{"line":429,"column":0},"end":{"line":429,"column":41}},"429":{"start":{"line":430,"column":0},"end":{"line":430,"column":41}},"430":{"start":{"line":431,"column":0},"end":{"line":431,"column":39}},"431":{"start":{"line":432,"column":0},"end":{"line":432,"column":126}},"432":{"start":{"line":433,"column":0},"end":{"line":433,"column":20}},"433":{"start":{"line":434,"column":0},"end":{"line":434,"column":60}},"434":{"start":{"line":435,"column":0},"end":{"line":435,"column":41}},"435":{"start":{"line":436,"column":0},"end":{"line":436,"column":43}},"436":{"start":{"line":437,"column":0},"end":{"line":437,"column":17}},"437":{"start":{"line":438,"column":0},"end":{"line":438,"column":10}},"438":{"start":{"line":439,"column":0},"end":{"line":439,"column":9}},"442":{"start":{"line":443,"column":0},"end":{"line":443,"column":41}},"443":{"start":{"line":444,"column":0},"end":{"line":444,"column":39}},"444":{"start":{"line":445,"column":0},"end":{"line":445,"column":62}},"445":{"start":{"line":446,"column":0},"end":{"line":446,"column":80}},"446":{"start":{"line":447,"column":0},"end":{"line":447,"column":87}},"447":{"start":{"line":448,"column":0},"end":{"line":448,"column":42}},"448":{"start":{"line":449,"column":0},"end":{"line":449,"column":37}},"449":{"start":{"line":450,"column":0},"end":{"line":450,"column":30}},"450":{"start":{"line":451,"column":0},"end":{"line":451,"column":47}},"451":{"start":{"line":452,"column":0},"end":{"line":452,"column":26}},"452":{"start":{"line":453,"column":0},"end":{"line":453,"column":133}},"453":{"start":{"line":454,"column":0},"end":{"line":454,"column":11}},"454":{"start":{"line":455,"column":0},"end":{"line":455,"column":7}},"463":{"start":{"line":464,"column":0},"end":{"line":464,"column":48}},"465":{"start":{"line":466,"column":0},"end":{"line":466,"column":13}},"466":{"start":{"line":467,"column":0},"end":{"line":467,"column":80}},"467":{"start":{"line":468,"column":0},"end":{"line":468,"column":90}},"468":{"start":{"line":469,"column":0},"end":{"line":469,"column":57}},"469":{"start":{"line":470,"column":0},"end":{"line":470,"column":39}},"470":{"start":{"line":471,"column":0},"end":{"line":471,"column":46}},"471":{"start":{"line":472,"column":0},"end":{"line":472,"column":31}},"472":{"start":{"line":473,"column":0},"end":{"line":473,"column":32}},"473":{"start":{"line":474,"column":0},"end":{"line":474,"column":21}},"474":{"start":{"line":475,"column":0},"end":{"line":475,"column":27}},"475":{"start":{"line":476,"column":0},"end":{"line":476,"column":32}},"476":{"start":{"line":477,"column":0},"end":{"line":477,"column":43}},"477":{"start":{"line":478,"column":0},"end":{"line":478,"column":55}},"478":{"start":{"line":479,"column":0},"end":{"line":479,"column":49}},"479":{"start":{"line":480,"column":0},"end":{"line":480,"column":23}},"480":{"start":{"line":481,"column":0},"end":{"line":481,"column":15}},"481":{"start":{"line":482,"column":0},"end":{"line":482,"column":23}},"482":{"start":{"line":483,"column":0},"end":{"line":483,"column":40}},"483":{"start":{"line":484,"column":0},"end":{"line":484,"column":30}},"484":{"start":{"line":485,"column":0},"end":{"line":485,"column":47}},"485":{"start":{"line":486,"column":0},"end":{"line":486,"column":14}},"486":{"start":{"line":487,"column":0},"end":{"line":487,"column":39}},"487":{"start":{"line":488,"column":0},"end":{"line":488,"column":13}},"492":{"start":{"line":493,"column":0},"end":{"line":493,"column":56}},"493":{"start":{"line":494,"column":0},"end":{"line":494,"column":26}},"494":{"start":{"line":495,"column":0},"end":{"line":495,"column":83}},"495":{"start":{"line":496,"column":0},"end":{"line":496,"column":24}},"496":{"start":{"line":497,"column":0},"end":{"line":497,"column":19}},"497":{"start":{"line":498,"column":0},"end":{"line":498,"column":78}},"498":{"start":{"line":499,"column":0},"end":{"line":499,"column":57}},"499":{"start":{"line":500,"column":0},"end":{"line":500,"column":30}},"500":{"start":{"line":501,"column":0},"end":{"line":501,"column":70}},"501":{"start":{"line":502,"column":0},"end":{"line":502,"column":55}},"502":{"start":{"line":503,"column":0},"end":{"line":503,"column":205}},"503":{"start":{"line":504,"column":0},"end":{"line":504,"column":96}},"504":{"start":{"line":505,"column":0},"end":{"line":505,"column":21}},"505":{"start":{"line":506,"column":0},"end":{"line":506,"column":92}},"506":{"start":{"line":507,"column":0},"end":{"line":507,"column":17}},"507":{"start":{"line":508,"column":0},"end":{"line":508,"column":32}},"508":{"start":{"line":509,"column":0},"end":{"line":509,"column":87}},"509":{"start":{"line":510,"column":0},"end":{"line":510,"column":15}},"510":{"start":{"line":511,"column":0},"end":{"line":511,"column":13}},"511":{"start":{"line":512,"column":0},"end":{"line":512,"column":11}},"513":{"start":{"line":514,"column":0},"end":{"line":514,"column":107}},"514":{"start":{"line":515,"column":0},"end":{"line":515,"column":26}},"515":{"start":{"line":516,"column":0},"end":{"line":516,"column":92}},"516":{"start":{"line":517,"column":0},"end":{"line":517,"column":9}},"517":{"start":{"line":518,"column":0},"end":{"line":518,"column":7}},"519":{"start":{"line":520,"column":0},"end":{"line":520,"column":56}},"523":{"start":{"line":524,"column":0},"end":{"line":524,"column":96}},"524":{"start":{"line":525,"column":0},"end":{"line":525,"column":76}},"525":{"start":{"line":526,"column":0},"end":{"line":526,"column":46}},"526":{"start":{"line":527,"column":0},"end":{"line":527,"column":13}},"527":{"start":{"line":528,"column":0},"end":{"line":528,"column":39}},"528":{"start":{"line":529,"column":0},"end":{"line":529,"column":27}},"529":{"start":{"line":530,"column":0},"end":{"line":530,"column":77}},"530":{"start":{"line":531,"column":0},"end":{"line":531,"column":77}},"531":{"start":{"line":532,"column":0},"end":{"line":532,"column":36}},"532":{"start":{"line":533,"column":0},"end":{"line":533,"column":60}},"533":{"start":{"line":534,"column":0},"end":{"line":534,"column":40}},"534":{"start":{"line":535,"column":0},"end":{"line":535,"column":26}},"535":{"start":{"line":536,"column":0},"end":{"line":536,"column":19}},"536":{"start":{"line":537,"column":0},"end":{"line":537,"column":116}},"537":{"start":{"line":538,"column":0},"end":{"line":538,"column":254}},"538":{"start":{"line":539,"column":0},"end":{"line":539,"column":61}},"539":{"start":{"line":540,"column":0},"end":{"line":540,"column":66}},"541":{"start":{"line":542,"column":0},"end":{"line":542,"column":13}},"542":{"start":{"line":543,"column":0},"end":{"line":543,"column":84}},"543":{"start":{"line":544,"column":0},"end":{"line":544,"column":7}},"544":{"start":{"line":545,"column":0},"end":{"line":545,"column":46}},"545":{"start":{"line":546,"column":0},"end":{"line":546,"column":13}},"546":{"start":{"line":547,"column":0},"end":{"line":547,"column":36}},"547":{"start":{"line":548,"column":0},"end":{"line":548,"column":60}},"548":{"start":{"line":549,"column":0},"end":{"line":549,"column":40}},"549":{"start":{"line":550,"column":0},"end":{"line":550,"column":75}},"550":{"start":{"line":551,"column":0},"end":{"line":551,"column":126}},"551":{"start":{"line":552,"column":0},"end":{"line":552,"column":13}},"552":{"start":{"line":553,"column":0},"end":{"line":553,"column":79}},"553":{"start":{"line":554,"column":0},"end":{"line":554,"column":7}},"557":{"start":{"line":558,"column":0},"end":{"line":558,"column":108}},"558":{"start":{"line":559,"column":0},"end":{"line":559,"column":73}},"559":{"start":{"line":560,"column":0},"end":{"line":560,"column":5}},"564":{"start":{"line":565,"column":0},"end":{"line":565,"column":63}},"565":{"start":{"line":566,"column":0},"end":{"line":566,"column":37}},"566":{"start":{"line":567,"column":0},"end":{"line":567,"column":60}},"567":{"start":{"line":568,"column":0},"end":{"line":568,"column":78}},"568":{"start":{"line":569,"column":0},"end":{"line":569,"column":85}},"569":{"start":{"line":570,"column":0},"end":{"line":570,"column":14}},"570":{"start":{"line":571,"column":0},"end":{"line":571,"column":21}},"571":{"start":{"line":572,"column":0},"end":{"line":572,"column":26}},"572":{"start":{"line":573,"column":0},"end":{"line":573,"column":25}},"573":{"start":{"line":574,"column":0},"end":{"line":574,"column":65}},"574":{"start":{"line":575,"column":0},"end":{"line":575,"column":94}},"575":{"start":{"line":576,"column":0},"end":{"line":576,"column":12}},"576":{"start":{"line":577,"column":0},"end":{"line":577,"column":34}},"577":{"start":{"line":578,"column":0},"end":{"line":578,"column":10}},"578":{"start":{"line":579,"column":0},"end":{"line":579,"column":22}},"579":{"start":{"line":580,"column":0},"end":{"line":580,"column":8}},"580":{"start":{"line":581,"column":0},"end":{"line":581,"column":7}},"582":{"start":{"line":583,"column":0},"end":{"line":583,"column":76}},"583":{"start":{"line":584,"column":0},"end":{"line":584,"column":59}},"585":{"start":{"line":586,"column":0},"end":{"line":586,"column":55}},"588":{"start":{"line":589,"column":0},"end":{"line":589,"column":31}},"589":{"start":{"line":590,"column":0},"end":{"line":590,"column":30}},"590":{"start":{"line":591,"column":0},"end":{"line":591,"column":29}},"591":{"start":{"line":592,"column":0},"end":{"line":592,"column":32}},"593":{"start":{"line":594,"column":0},"end":{"line":594,"column":64}},"594":{"start":{"line":595,"column":0},"end":{"line":595,"column":36}},"595":{"start":{"line":596,"column":0},"end":{"line":596,"column":11}},"596":{"start":{"line":597,"column":0},"end":{"line":597,"column":28}},"597":{"start":{"line":598,"column":0},"end":{"line":598,"column":135}},"598":{"start":{"line":599,"column":0},"end":{"line":599,"column":107}},"600":{"start":{"line":601,"column":0},"end":{"line":601,"column":13}},"602":{"start":{"line":603,"column":0},"end":{"line":603,"column":28}},"603":{"start":{"line":604,"column":0},"end":{"line":604,"column":42}},"604":{"start":{"line":605,"column":0},"end":{"line":605,"column":8}},"605":{"start":{"line":606,"column":0},"end":{"line":606,"column":17}},"606":{"start":{"line":607,"column":0},"end":{"line":607,"column":39}},"607":{"start":{"line":608,"column":0},"end":{"line":608,"column":39}},"608":{"start":{"line":609,"column":0},"end":{"line":609,"column":37}},"609":{"start":{"line":610,"column":0},"end":{"line":610,"column":124}},"610":{"start":{"line":611,"column":0},"end":{"line":611,"column":18}},"611":{"start":{"line":612,"column":0},"end":{"line":612,"column":37}},"612":{"start":{"line":613,"column":0},"end":{"line":613,"column":39}},"613":{"start":{"line":614,"column":0},"end":{"line":614,"column":46}},"614":{"start":{"line":615,"column":0},"end":{"line":615,"column":48}},"615":{"start":{"line":616,"column":0},"end":{"line":616,"column":58}},"616":{"start":{"line":617,"column":0},"end":{"line":617,"column":39}},"617":{"start":{"line":618,"column":0},"end":{"line":618,"column":41}},"618":{"start":{"line":619,"column":0},"end":{"line":619,"column":15}},"619":{"start":{"line":620,"column":0},"end":{"line":620,"column":8}},"620":{"start":{"line":621,"column":0},"end":{"line":621,"column":6}},"621":{"start":{"line":622,"column":0},"end":{"line":622,"column":27}},"622":{"start":{"line":623,"column":0},"end":{"line":623,"column":48}},"623":{"start":{"line":624,"column":0},"end":{"line":624,"column":23}},"624":{"start":{"line":625,"column":0},"end":{"line":625,"column":43}},"625":{"start":{"line":626,"column":0},"end":{"line":626,"column":5}},"627":{"start":{"line":628,"column":0},"end":{"line":628,"column":73}},"629":{"start":{"line":630,"column":0},"end":{"line":630,"column":51}},"630":{"start":{"line":631,"column":0},"end":{"line":631,"column":24}},"631":{"start":{"line":632,"column":0},"end":{"line":632,"column":42}},"632":{"start":{"line":633,"column":0},"end":{"line":633,"column":53}},"633":{"start":{"line":634,"column":0},"end":{"line":634,"column":25}},"634":{"start":{"line":635,"column":0},"end":{"line":635,"column":29}},"635":{"start":{"line":636,"column":0},"end":{"line":636,"column":37}},"636":{"start":{"line":637,"column":0},"end":{"line":637,"column":33}},"637":{"start":{"line":638,"column":0},"end":{"line":638,"column":5}},"639":{"start":{"line":640,"column":0},"end":{"line":640,"column":41}},"640":{"start":{"line":641,"column":0},"end":{"line":641,"column":171}},"641":{"start":{"line":642,"column":0},"end":{"line":642,"column":5}},"642":{"start":{"line":643,"column":0},"end":{"line":643,"column":65}},"643":{"start":{"line":644,"column":0},"end":{"line":644,"column":3}},"644":{"start":{"line":645,"column":0},"end":{"line":645,"column":1}}},"s":{"0":1,"5":13,"6":13,"7":1,"8":1,"9":1,"10":1,"12":12,"13":12,"14":12,"16":12,"17":12,"18":12,"19":12,"20":12,"21":12,"22":12,"23":12,"24":12,"25":12,"26":12,"27":12,"28":12,"29":12,"30":12,"31":12,"35":12,"36":12,"37":12,"39":13,"40":13,"41":13,"42":13,"43":13,"45":13,"46":13,"47":3,"48":3,"49":3,"50":3,"52":3,"53":3,"54":3,"55":13,"62":12,"63":13,"64":11,"65":11,"66":11,"67":11,"68":11,"69":11,"70":11,"71":11,"72":11,"73":11,"74":11,"75":11,"76":11,"77":11,"78":11,"79":11,"80":11,"81":11,"82":0,"83":0,"84":11,"86":12,"87":12,"89":13,"90":6,"91":6,"92":6,"94":13,"98":13,"99":2,"100":2,"101":2,"102":2,"103":13,"104":1,"105":1,"106":1,"107":1,"108":13,"109":0,"110":0,"111":0,"112":0,"114":13,"115":1,"116":1,"117":1,"118":1,"126":13,"132":4,"133":1,"134":1,"135":1,"136":0,"137":0,"138":0,"139":0,"140":1,"141":1,"142":1,"143":1,"144":1,"145":1,"146":1,"147":1,"148":1,"149":1,"150":1,"151":1,"152":0,"153":0,"154":0,"155":0,"156":0,"157":1,"159":3,"162":3,"163":3,"164":3,"171":4,"172":1,"173":1,"174":1,"175":1,"176":1,"177":1,"178":1,"179":1,"180":1,"181":1,"182":1,"183":1,"184":1,"185":1,"186":1,"187":1,"188":1,"189":1,"190":1,"191":1,"192":1,"193":1,"194":1,"195":1,"196":1,"197":1,"198":1,"200":1,"201":1,"202":1,"203":1,"204":1,"205":1,"206":1,"208":1,"212":1,"213":1,"214":1,"215":1,"216":1,"217":1,"218":0,"219":1,"220":1,"221":1,"222":1,"223":1,"224":1,"225":1,"226":1,"227":1,"228":1,"230":1,"231":1,"232":1,"233":1,"234":1,"235":1,"236":1,"237":1,"238":1,"239":1,"240":1,"241":1,"242":1,"244":1,"245":1,"246":4,"248":2,"250":2,"251":2,"252":2,"253":2,"255":2,"256":2,"257":2,"258":2,"259":2,"260":2,"261":2,"262":2,"263":2,"264":2,"265":2,"266":2,"267":2,"268":2,"269":2,"270":2,"271":2,"272":2,"273":2,"274":2,"275":2,"276":2,"277":2,"278":2,"279":2,"280":2,"281":2,"282":2,"283":2,"284":2,"285":2,"286":2,"287":2,"288":2,"289":2,"290":2,"291":2,"292":2,"293":2,"295":2,"296":2,"301":2,"302":2,"303":1,"304":1,"305":1,"306":1,"307":1,"308":1,"309":1,"310":1,"311":1,"312":1,"313":1,"314":1,"315":1,"316":1,"317":1,"318":1,"319":1,"320":1,"321":1,"322":1,"323":1,"324":1,"325":1,"326":1,"327":1,"328":0,"329":0,"330":1,"333":2,"334":2,"336":2,"337":2,"338":2,"339":2,"340":2,"341":2,"342":2,"343":2,"344":2,"345":2,"346":2,"347":2,"348":2,"349":2,"350":2,"351":2,"352":2,"353":2,"354":2,"355":2,"356":2,"357":2,"358":2,"359":2,"360":2,"361":2,"362":2,"363":2,"364":2,"365":2,"366":2,"367":2,"368":2,"369":2,"370":2,"371":2,"372":2,"373":2,"374":2,"375":2,"376":2,"377":2,"379":2,"380":2,"381":4,"383":13,"397":1,"398":0,"399":0,"400":0,"401":0,"402":0,"403":0,"404":0,"405":0,"406":0,"407":0,"408":0,"409":0,"410":0,"411":0,"412":0,"413":0,"414":0,"415":0,"416":0,"417":0,"418":0,"419":0,"422":1,"423":1,"424":1,"425":1,"426":1,"427":1,"428":1,"429":1,"430":1,"431":1,"432":1,"433":1,"434":1,"435":1,"436":1,"437":1,"438":1,"442":1,"443":1,"444":1,"445":1,"446":1,"447":1,"448":1,"449":1,"450":1,"451":1,"452":1,"453":1,"454":1,"463":1,"465":1,"466":1,"467":1,"468":1,"469":1,"470":1,"471":1,"472":1,"473":1,"474":1,"475":1,"476":1,"477":1,"478":1,"479":1,"480":1,"481":1,"482":1,"483":1,"484":1,"485":1,"486":1,"487":1,"492":1,"493":1,"494":0,"495":0,"496":0,"497":0,"498":0,"499":0,"500":0,"501":0,"502":0,"503":0,"504":0,"505":0,"506":0,"507":0,"508":0,"509":0,"510":0,"511":0,"513":1,"514":1,"515":0,"516":0,"517":1,"519":1,"523":1,"524":1,"525":1,"526":1,"527":1,"528":1,"529":0,"530":1,"531":1,"532":1,"533":1,"534":1,"535":1,"536":1,"537":1,"538":1,"539":1,"541":1,"542":1,"543":1,"544":1,"545":1,"546":1,"547":1,"548":1,"549":1,"550":1,"551":1,"552":1,"553":1,"557":1,"558":1,"559":1,"564":13,"565":4,"566":4,"567":4,"568":4,"569":4,"570":4,"571":4,"572":4,"573":4,"574":4,"575":4,"576":4,"577":4,"578":4,"579":4,"580":13,"582":13,"583":13,"585":13,"588":13,"589":13,"590":13,"591":13,"593":13,"594":13,"595":13,"596":13,"597":13,"598":13,"600":13,"602":13,"603":13,"604":13,"605":13,"606":13,"607":13,"608":13,"609":13,"610":13,"611":13,"612":13,"613":13,"614":13,"615":13,"616":13,"617":13,"618":13,"619":13,"620":13,"621":13,"622":3,"623":13,"624":0,"625":0,"627":3,"629":3,"630":13,"631":0,"632":0,"633":0,"634":0,"635":0,"636":0,"637":0,"639":0,"640":0,"641":0,"642":0,"643":0,"644":13},"branchMap":{"0":{"type":"branch","line":6,"loc":{"start":{"line":6,"column":0},"end":{"line":645,"column":1}},"locations":[{"start":{"line":6,"column":0},"end":{"line":645,"column":1}}]},"1":{"type":"branch","line":7,"loc":{"start":{"line":7,"column":38},"end":{"line":11,"column":3}},"locations":[{"start":{"line":7,"column":38},"end":{"line":11,"column":3}}]},"2":{"type":"branch","line":11,"loc":{"start":{"line":11,"column":2},"end":{"line":40,"column":33}},"locations":[{"start":{"line":11,"column":2},"end":{"line":40,"column":33}}]},"3":{"type":"branch","line":40,"loc":{"start":{"line":40,"column":24},"end":{"line":40,"column":38}},"locations":[{"start":{"line":40,"column":24},"end":{"line":40,"column":38}}]},"4":{"type":"branch","line":41,"loc":{"start":{"line":41,"column":23},"end":{"line":41,"column":37}},"locations":[{"start":{"line":41,"column":23},"end":{"line":41,"column":37}}]},"5":{"type":"branch","line":43,"loc":{"start":{"line":43,"column":50},"end":{"line":43,"column":81}},"locations":[{"start":{"line":43,"column":50},"end":{"line":43,"column":81}}]},"6":{"type":"branch","line":46,"loc":{"start":{"line":46,"column":24},"end":{"line":46,"column":39}},"locations":[{"start":{"line":46,"column":24},"end":{"line":46,"column":39}}]},"7":{"type":"branch","line":47,"loc":{"start":{"line":47,"column":28},"end":{"line":55,"column":7}},"locations":[{"start":{"line":47,"column":28},"end":{"line":55,"column":7}}]},"8":{"type":"branch","line":48,"loc":{"start":{"line":48,"column":23},"end":{"line":48,"column":67}},"locations":[{"start":{"line":48,"column":23},"end":{"line":48,"column":67}}]},"9":{"type":"branch","line":49,"loc":{"start":{"line":49,"column":50},"end":{"line":49,"column":69}},"locations":[{"start":{"line":49,"column":50},"end":{"line":49,"column":69}}]},"10":{"type":"branch","line":53,"loc":{"start":{"line":53,"column":30},"end":{"line":53,"column":62}},"locations":[{"start":{"line":53,"column":30},"end":{"line":53,"column":62}}]},"11":{"type":"branch","line":56,"loc":{"start":{"line":56,"column":4},"end":{"line":64,"column":15}},"locations":[{"start":{"line":56,"column":4},"end":{"line":64,"column":15}}]},"12":{"type":"branch","line":64,"loc":{"start":{"line":64,"column":15},"end":{"line":85,"column":5}},"locations":[{"start":{"line":64,"column":15},"end":{"line":85,"column":5}}]},"13":{"type":"branch","line":68,"loc":{"start":{"line":68,"column":16},"end":{"line":68,"column":37}},"locations":[{"start":{"line":68,"column":16},"end":{"line":68,"column":37}}]},"14":{"type":"branch","line":70,"loc":{"start":{"line":70,"column":19},"end":{"line":70,"column":40}},"locations":[{"start":{"line":70,"column":19},"end":{"line":70,"column":40}}]},"15":{"type":"branch","line":71,"loc":{"start":{"line":71,"column":18},"end":{"line":71,"column":36}},"locations":[{"start":{"line":71,"column":18},"end":{"line":71,"column":36}}]},"16":{"type":"branch","line":72,"loc":{"start":{"line":72,"column":25},"end":{"line":72,"column":45}},"locations":[{"start":{"line":72,"column":25},"end":{"line":72,"column":45}}]},"17":{"type":"branch","line":73,"loc":{"start":{"line":73,"column":21},"end":{"line":73,"column":42}},"locations":[{"start":{"line":73,"column":21},"end":{"line":73,"column":42}}]},"18":{"type":"branch","line":76,"loc":{"start":{"line":76,"column":26},"end":{"line":76,"column":43}},"locations":[{"start":{"line":76,"column":26},"end":{"line":76,"column":43}}]},"19":{"type":"branch","line":77,"loc":{"start":{"line":77,"column":24},"end":{"line":77,"column":43}},"locations":[{"start":{"line":77,"column":24},"end":{"line":77,"column":43}}]},"20":{"type":"branch","line":78,"loc":{"start":{"line":78,"column":23},"end":{"line":78,"column":41}},"locations":[{"start":{"line":78,"column":23},"end":{"line":78,"column":41}}]},"21":{"type":"branch","line":82,"loc":{"start":{"line":82,"column":6},"end":{"line":84,"column":7}},"locations":[{"start":{"line":82,"column":6},"end":{"line":84,"column":7}}]},"22":{"type":"branch","line":85,"loc":{"start":{"line":85,"column":4},"end":{"line":90,"column":31}},"locations":[{"start":{"line":85,"column":4},"end":{"line":90,"column":31}}]},"23":{"type":"branch","line":90,"loc":{"start":{"line":90,"column":31},"end":{"line":93,"column":5}},"locations":[{"start":{"line":90,"column":31},"end":{"line":93,"column":5}}]},"24":{"type":"branch","line":93,"loc":{"start":{"line":93,"column":4},"end":{"line":95,"column":46}},"locations":[{"start":{"line":93,"column":4},"end":{"line":95,"column":46}}]},"25":{"type":"branch","line":95,"loc":{"start":{"line":95,"column":36},"end":{"line":95,"column":61}},"locations":[{"start":{"line":95,"column":36},"end":{"line":95,"column":61}}]},"26":{"type":"branch","line":95,"loc":{"start":{"line":95,"column":46},"end":{"line":95,"column":75}},"locations":[{"start":{"line":95,"column":46},"end":{"line":95,"column":75}}]},"27":{"type":"branch","line":99,"loc":{"start":{"line":99,"column":22},"end":{"line":99,"column":92}},"locations":[{"start":{"line":99,"column":22},"end":{"line":99,"column":92}}]},"28":{"type":"branch","line":99,"loc":{"start":{"line":99,"column":92},"end":{"line":103,"column":5}},"locations":[{"start":{"line":99,"column":92},"end":{"line":103,"column":5}}]},"29":{"type":"branch","line":103,"loc":{"start":{"line":103,"column":4},"end":{"line":104,"column":39}},"locations":[{"start":{"line":103,"column":4},"end":{"line":104,"column":39}}]},"30":{"type":"branch","line":104,"loc":{"start":{"line":104,"column":26},"end":{"line":104,"column":69}},"locations":[{"start":{"line":104,"column":26},"end":{"line":104,"column":69}}]},"31":{"type":"branch","line":104,"loc":{"start":{"line":104,"column":69},"end":{"line":108,"column":5}},"locations":[{"start":{"line":104,"column":69},"end":{"line":108,"column":5}}]},"32":{"type":"branch","line":108,"loc":{"start":{"line":108,"column":4},"end":{"line":109,"column":39}},"locations":[{"start":{"line":108,"column":4},"end":{"line":109,"column":39}}]},"33":{"type":"branch","line":109,"loc":{"start":{"line":109,"column":26},"end":{"line":109,"column":86}},"locations":[{"start":{"line":109,"column":26},"end":{"line":109,"column":86}}]},"34":{"type":"branch","line":109,"loc":{"start":{"line":109,"column":86},"end":{"line":113,"column":5}},"locations":[{"start":{"line":109,"column":86},"end":{"line":113,"column":5}}]},"35":{"type":"branch","line":113,"loc":{"start":{"line":113,"column":4},"end":{"line":115,"column":36}},"locations":[{"start":{"line":113,"column":4},"end":{"line":115,"column":36}}]},"36":{"type":"branch","line":115,"loc":{"start":{"line":115,"column":26},"end":{"line":115,"column":64}},"locations":[{"start":{"line":115,"column":26},"end":{"line":115,"column":64}}]},"37":{"type":"branch","line":115,"loc":{"start":{"line":115,"column":64},"end":{"line":119,"column":5}},"locations":[{"start":{"line":115,"column":64},"end":{"line":119,"column":5}}]},"38":{"type":"branch","line":117,"loc":{"start":{"line":117,"column":88},"end":{"line":117,"column":124}},"locations":[{"start":{"line":117,"column":88},"end":{"line":117,"column":124}}]},"39":{"type":"branch","line":119,"loc":{"start":{"line":119,"column":4},"end":{"line":127,"column":31}},"locations":[{"start":{"line":119,"column":4},"end":{"line":127,"column":31}}]},"40":{"type":"branch","line":127,"loc":{"start":{"line":127,"column":31},"end":{"line":384,"column":37}},"locations":[{"start":{"line":127,"column":31},"end":{"line":384,"column":37}}]},"41":{"type":"branch","line":133,"loc":{"start":{"line":133,"column":29},"end":{"line":158,"column":7}},"locations":[{"start":{"line":133,"column":29},"end":{"line":158,"column":7}}]},"42":{"type":"branch","line":136,"loc":{"start":{"line":136,"column":8},"end":{"line":140,"column":39}},"locations":[{"start":{"line":136,"column":8},"end":{"line":140,"column":39}}]},"43":{"type":"branch","line":142,"loc":{"start":{"line":142,"column":21},"end":{"line":142,"column":42}},"locations":[{"start":{"line":142,"column":21},"end":{"line":142,"column":42}}]},"44":{"type":"branch","line":143,"loc":{"start":{"line":143,"column":20},"end":{"line":143,"column":38}},"locations":[{"start":{"line":143,"column":20},"end":{"line":143,"column":38}}]},"45":{"type":"branch","line":144,"loc":{"start":{"line":144,"column":27},"end":{"line":144,"column":47}},"locations":[{"start":{"line":144,"column":27},"end":{"line":144,"column":47}}]},"46":{"type":"branch","line":145,"loc":{"start":{"line":145,"column":23},"end":{"line":145,"column":44}},"locations":[{"start":{"line":145,"column":23},"end":{"line":145,"column":44}}]},"47":{"type":"branch","line":148,"loc":{"start":{"line":148,"column":28},"end":{"line":148,"column":45}},"locations":[{"start":{"line":148,"column":28},"end":{"line":148,"column":45}}]},"48":{"type":"branch","line":149,"loc":{"start":{"line":149,"column":26},"end":{"line":149,"column":45}},"locations":[{"start":{"line":149,"column":26},"end":{"line":149,"column":45}}]},"49":{"type":"branch","line":150,"loc":{"start":{"line":150,"column":25},"end":{"line":150,"column":43}},"locations":[{"start":{"line":150,"column":25},"end":{"line":150,"column":43}}]},"50":{"type":"branch","line":152,"loc":{"start":{"line":152,"column":11},"end":{"line":157,"column":9}},"locations":[{"start":{"line":152,"column":11},"end":{"line":157,"column":9}}]},"51":{"type":"branch","line":158,"loc":{"start":{"line":158,"column":6},"end":{"line":172,"column":39}},"locations":[{"start":{"line":158,"column":6},"end":{"line":172,"column":39}}]},"52":{"type":"branch","line":172,"loc":{"start":{"line":172,"column":39},"end":{"line":247,"column":13}},"locations":[{"start":{"line":172,"column":39},"end":{"line":247,"column":13}}]},"53":{"type":"branch","line":179,"loc":{"start":{"line":179,"column":26},"end":{"line":179,"column":43}},"locations":[{"start":{"line":179,"column":26},"end":{"line":179,"column":43}}]},"54":{"type":"branch","line":180,"loc":{"start":{"line":180,"column":24},"end":{"line":180,"column":43}},"locations":[{"start":{"line":180,"column":24},"end":{"line":180,"column":43}}]},"55":{"type":"branch","line":181,"loc":{"start":{"line":181,"column":23},"end":{"line":181,"column":41}},"locations":[{"start":{"line":181,"column":23},"end":{"line":181,"column":41}}]},"56":{"type":"branch","line":182,"loc":{"start":{"line":182,"column":47},"end":{"line":182,"column":62}},"locations":[{"start":{"line":182,"column":47},"end":{"line":182,"column":62}}]},"57":{"type":"branch","line":182,"loc":{"start":{"line":182,"column":68},"end":{"line":182,"column":80}},"locations":[{"start":{"line":182,"column":68},"end":{"line":182,"column":80}}]},"58":{"type":"branch","line":182,"loc":{"start":{"line":182,"column":88},"end":{"line":182,"column":102}},"locations":[{"start":{"line":182,"column":88},"end":{"line":182,"column":102}}]},"59":{"type":"branch","line":182,"loc":{"start":{"line":182,"column":111},"end":{"line":182,"column":125}},"locations":[{"start":{"line":182,"column":111},"end":{"line":182,"column":125}}]},"60":{"type":"branch","line":191,"loc":{"start":{"line":191,"column":28},"end":{"line":191,"column":43}},"locations":[{"start":{"line":191,"column":28},"end":{"line":191,"column":43}}]},"61":{"type":"branch","line":213,"loc":{"start":{"line":213,"column":89},"end":{"line":213,"column":98}},"locations":[{"start":{"line":213,"column":89},"end":{"line":213,"column":98}}]},"62":{"type":"branch","line":218,"loc":{"start":{"line":218,"column":25},"end":{"line":219,"column":104}},"locations":[{"start":{"line":218,"column":25},"end":{"line":219,"column":104}}]},"63":{"type":"branch","line":226,"loc":{"start":{"line":226,"column":46},"end":{"line":226,"column":82}},"locations":[{"start":{"line":226,"column":46},"end":{"line":226,"column":82}}]},"64":{"type":"branch","line":227,"loc":{"start":{"line":227,"column":21},"end":{"line":227,"column":256}},"locations":[{"start":{"line":227,"column":21},"end":{"line":227,"column":256}}]},"65":{"type":"branch","line":229,"loc":{"start":{"line":229,"column":47},"end":{"line":229,"column":63}},"locations":[{"start":{"line":229,"column":47},"end":{"line":229,"column":63}}]},"66":{"type":"branch","line":232,"loc":{"start":{"line":232,"column":10},"end":{"line":232,"column":92}},"locations":[{"start":{"line":232,"column":10},"end":{"line":232,"column":92}}]},"67":{"type":"branch","line":240,"loc":{"start":{"line":240,"column":56},"end":{"line":240,"column":72}},"locations":[{"start":{"line":240,"column":56},"end":{"line":240,"column":72}}]},"68":{"type":"branch","line":242,"loc":{"start":{"line":242,"column":10},"end":{"line":242,"column":87}},"locations":[{"start":{"line":242,"column":10},"end":{"line":242,"column":87}}]},"69":{"type":"branch","line":247,"loc":{"start":{"line":247,"column":6},"end":{"line":381,"column":7}},"locations":[{"start":{"line":247,"column":6},"end":{"line":381,"column":7}}]},"70":{"type":"branch","line":273,"loc":{"start":{"line":273,"column":26},"end":{"line":273,"column":43}},"locations":[{"start":{"line":273,"column":26},"end":{"line":273,"column":43}}]},"71":{"type":"branch","line":274,"loc":{"start":{"line":274,"column":24},"end":{"line":274,"column":43}},"locations":[{"start":{"line":274,"column":24},"end":{"line":274,"column":43}}]},"72":{"type":"branch","line":275,"loc":{"start":{"line":275,"column":23},"end":{"line":275,"column":41}},"locations":[{"start":{"line":275,"column":23},"end":{"line":275,"column":41}}]},"73":{"type":"branch","line":276,"loc":{"start":{"line":276,"column":47},"end":{"line":276,"column":62}},"locations":[{"start":{"line":276,"column":47},"end":{"line":276,"column":62}}]},"74":{"type":"branch","line":276,"loc":{"start":{"line":276,"column":68},"end":{"line":276,"column":80}},"locations":[{"start":{"line":276,"column":68},"end":{"line":276,"column":80}}]},"75":{"type":"branch","line":276,"loc":{"start":{"line":276,"column":88},"end":{"line":276,"column":102}},"locations":[{"start":{"line":276,"column":88},"end":{"line":276,"column":102}}]},"76":{"type":"branch","line":276,"loc":{"start":{"line":276,"column":111},"end":{"line":276,"column":125}},"locations":[{"start":{"line":276,"column":111},"end":{"line":276,"column":125}}]},"77":{"type":"branch","line":283,"loc":{"start":{"line":283,"column":28},"end":{"line":283,"column":43}},"locations":[{"start":{"line":283,"column":28},"end":{"line":283,"column":43}}]},"78":{"type":"branch","line":303,"loc":{"start":{"line":303,"column":49},"end":{"line":331,"column":9}},"locations":[{"start":{"line":303,"column":49},"end":{"line":331,"column":9}}]},"79":{"type":"branch","line":328,"loc":{"start":{"line":328,"column":10},"end":{"line":330,"column":11}},"locations":[{"start":{"line":328,"column":10},"end":{"line":330,"column":11}}]},"80":{"type":"branch","line":335,"loc":{"start":{"line":335,"column":28},"end":{"line":335,"column":54}},"locations":[{"start":{"line":335,"column":28},"end":{"line":335,"column":54}}]},"81":{"type":"branch","line":335,"loc":{"start":{"line":335,"column":50},"end":{"line":335,"column":63}},"locations":[{"start":{"line":335,"column":50},"end":{"line":335,"column":63}}]},"82":{"type":"branch","line":352,"loc":{"start":{"line":352,"column":38},"end":{"line":352,"column":85}},"locations":[{"start":{"line":352,"column":38},"end":{"line":352,"column":85}}]},"83":{"type":"branch","line":353,"loc":{"start":{"line":353,"column":37},"end":{"line":353,"column":84}},"locations":[{"start":{"line":353,"column":37},"end":{"line":353,"column":84}}]},"84":{"type":"branch","line":356,"loc":{"start":{"line":356,"column":26},"end":{"line":356,"column":43}},"locations":[{"start":{"line":356,"column":26},"end":{"line":356,"column":43}}]},"85":{"type":"branch","line":357,"loc":{"start":{"line":357,"column":24},"end":{"line":357,"column":43}},"locations":[{"start":{"line":357,"column":24},"end":{"line":357,"column":43}}]},"86":{"type":"branch","line":358,"loc":{"start":{"line":358,"column":23},"end":{"line":358,"column":41}},"locations":[{"start":{"line":358,"column":23},"end":{"line":358,"column":41}}]},"87":{"type":"branch","line":359,"loc":{"start":{"line":359,"column":47},"end":{"line":359,"column":62}},"locations":[{"start":{"line":359,"column":47},"end":{"line":359,"column":62}}]},"88":{"type":"branch","line":359,"loc":{"start":{"line":359,"column":68},"end":{"line":359,"column":80}},"locations":[{"start":{"line":359,"column":68},"end":{"line":359,"column":80}}]},"89":{"type":"branch","line":359,"loc":{"start":{"line":359,"column":88},"end":{"line":359,"column":102}},"locations":[{"start":{"line":359,"column":88},"end":{"line":359,"column":102}}]},"90":{"type":"branch","line":359,"loc":{"start":{"line":359,"column":111},"end":{"line":359,"column":125}},"locations":[{"start":{"line":359,"column":111},"end":{"line":359,"column":125}}]},"91":{"type":"branch","line":368,"loc":{"start":{"line":368,"column":28},"end":{"line":368,"column":43}},"locations":[{"start":{"line":368,"column":28},"end":{"line":368,"column":43}}]},"92":{"type":"branch","line":384,"loc":{"start":{"line":384,"column":37},"end":{"line":560,"column":5}},"locations":[{"start":{"line":384,"column":37},"end":{"line":560,"column":5}}]},"93":{"type":"branch","line":398,"loc":{"start":{"line":398,"column":11},"end":{"line":398,"column":38}},"locations":[{"start":{"line":398,"column":11},"end":{"line":398,"column":38}}]},"94":{"type":"branch","line":398,"loc":{"start":{"line":398,"column":38},"end":{"line":420,"column":7}},"locations":[{"start":{"line":398,"column":38},"end":{"line":420,"column":7}}]},"95":{"type":"branch","line":429,"loc":{"start":{"line":429,"column":24},"end":{"line":429,"column":41}},"locations":[{"start":{"line":429,"column":24},"end":{"line":429,"column":41}}]},"96":{"type":"branch","line":430,"loc":{"start":{"line":430,"column":22},"end":{"line":430,"column":41}},"locations":[{"start":{"line":430,"column":22},"end":{"line":430,"column":41}}]},"97":{"type":"branch","line":431,"loc":{"start":{"line":431,"column":21},"end":{"line":431,"column":39}},"locations":[{"start":{"line":431,"column":21},"end":{"line":431,"column":39}}]},"98":{"type":"branch","line":432,"loc":{"start":{"line":432,"column":45},"end":{"line":432,"column":60}},"locations":[{"start":{"line":432,"column":45},"end":{"line":432,"column":60}}]},"99":{"type":"branch","line":432,"loc":{"start":{"line":432,"column":66},"end":{"line":432,"column":78}},"locations":[{"start":{"line":432,"column":66},"end":{"line":432,"column":78}}]},"100":{"type":"branch","line":432,"loc":{"start":{"line":432,"column":86},"end":{"line":432,"column":100}},"locations":[{"start":{"line":432,"column":86},"end":{"line":432,"column":100}}]},"101":{"type":"branch","line":432,"loc":{"start":{"line":432,"column":109},"end":{"line":432,"column":123}},"locations":[{"start":{"line":432,"column":109},"end":{"line":432,"column":123}}]},"102":{"type":"branch","line":435,"loc":{"start":{"line":435,"column":26},"end":{"line":435,"column":41}},"locations":[{"start":{"line":435,"column":26},"end":{"line":435,"column":41}}]},"103":{"type":"branch","line":443,"loc":{"start":{"line":443,"column":26},"end":{"line":443,"column":40}},"locations":[{"start":{"line":443,"column":26},"end":{"line":443,"column":40}}]},"104":{"type":"branch","line":444,"loc":{"start":{"line":444,"column":25},"end":{"line":444,"column":39}},"locations":[{"start":{"line":444,"column":25},"end":{"line":444,"column":39}}]},"105":{"type":"branch","line":446,"loc":{"start":{"line":446,"column":49},"end":{"line":446,"column":80}},"locations":[{"start":{"line":446,"column":49},"end":{"line":446,"column":80}}]},"106":{"type":"branch","line":447,"loc":{"start":{"line":447,"column":31},"end":{"line":447,"column":47}},"locations":[{"start":{"line":447,"column":31},"end":{"line":447,"column":47}}]},"107":{"type":"branch","line":453,"loc":{"start":{"line":453,"column":48},"end":{"line":453,"column":67}},"locations":[{"start":{"line":453,"column":48},"end":{"line":453,"column":67}}]},"108":{"type":"branch","line":453,"loc":{"start":{"line":453,"column":122},"end":{"line":453,"column":130}},"locations":[{"start":{"line":453,"column":122},"end":{"line":453,"column":130}}]},"109":{"type":"branch","line":494,"loc":{"start":{"line":494,"column":25},"end":{"line":512,"column":11}},"locations":[{"start":{"line":494,"column":25},"end":{"line":512,"column":11}}]},"110":{"type":"branch","line":515,"loc":{"start":{"line":515,"column":8},"end":{"line":517,"column":9}},"locations":[{"start":{"line":515,"column":8},"end":{"line":517,"column":9}}]},"111":{"type":"branch","line":524,"loc":{"start":{"line":524,"column":87},"end":{"line":524,"column":96}},"locations":[{"start":{"line":524,"column":87},"end":{"line":524,"column":96}}]},"112":{"type":"branch","line":529,"loc":{"start":{"line":529,"column":23},"end":{"line":530,"column":77}},"locations":[{"start":{"line":529,"column":23},"end":{"line":530,"column":77}}]},"113":{"type":"branch","line":537,"loc":{"start":{"line":537,"column":44},"end":{"line":537,"column":80}},"locations":[{"start":{"line":537,"column":44},"end":{"line":537,"column":80}}]},"114":{"type":"branch","line":538,"loc":{"start":{"line":538,"column":19},"end":{"line":538,"column":143}},"locations":[{"start":{"line":538,"column":19},"end":{"line":538,"column":143}}]},"115":{"type":"branch","line":540,"loc":{"start":{"line":540,"column":45},"end":{"line":540,"column":61}},"locations":[{"start":{"line":540,"column":45},"end":{"line":540,"column":61}}]},"116":{"type":"branch","line":543,"loc":{"start":{"line":543,"column":8},"end":{"line":543,"column":84}},"locations":[{"start":{"line":543,"column":8},"end":{"line":543,"column":84}}]},"117":{"type":"branch","line":551,"loc":{"start":{"line":551,"column":53},"end":{"line":551,"column":69}},"locations":[{"start":{"line":551,"column":53},"end":{"line":551,"column":69}}]},"118":{"type":"branch","line":553,"loc":{"start":{"line":553,"column":8},"end":{"line":553,"column":79}},"locations":[{"start":{"line":553,"column":8},"end":{"line":553,"column":79}}]},"119":{"type":"branch","line":560,"loc":{"start":{"line":560,"column":4},"end":{"line":565,"column":39}},"locations":[{"start":{"line":560,"column":4},"end":{"line":565,"column":39}}]},"120":{"type":"branch","line":565,"loc":{"start":{"line":565,"column":30},"end":{"line":565,"column":43}},"locations":[{"start":{"line":565,"column":30},"end":{"line":565,"column":43}}]},"121":{"type":"branch","line":584,"loc":{"start":{"line":584,"column":24},"end":{"line":584,"column":50}},"locations":[{"start":{"line":584,"column":24},"end":{"line":584,"column":50}}]},"122":{"type":"branch","line":584,"loc":{"start":{"line":584,"column":46},"end":{"line":584,"column":59}},"locations":[{"start":{"line":584,"column":46},"end":{"line":584,"column":59}}]},"123":{"type":"branch","line":598,"loc":{"start":{"line":598,"column":34},"end":{"line":598,"column":81}},"locations":[{"start":{"line":598,"column":34},"end":{"line":598,"column":81}}]},"124":{"type":"branch","line":599,"loc":{"start":{"line":599,"column":33},"end":{"line":599,"column":80}},"locations":[{"start":{"line":599,"column":33},"end":{"line":599,"column":80}}]},"125":{"type":"branch","line":607,"loc":{"start":{"line":607,"column":22},"end":{"line":607,"column":39}},"locations":[{"start":{"line":607,"column":22},"end":{"line":607,"column":39}}]},"126":{"type":"branch","line":608,"loc":{"start":{"line":608,"column":20},"end":{"line":608,"column":39}},"locations":[{"start":{"line":608,"column":20},"end":{"line":608,"column":39}}]},"127":{"type":"branch","line":609,"loc":{"start":{"line":609,"column":19},"end":{"line":609,"column":37}},"locations":[{"start":{"line":609,"column":19},"end":{"line":609,"column":37}}]},"128":{"type":"branch","line":610,"loc":{"start":{"line":610,"column":43},"end":{"line":610,"column":58}},"locations":[{"start":{"line":610,"column":43},"end":{"line":610,"column":58}}]},"129":{"type":"branch","line":610,"loc":{"start":{"line":610,"column":64},"end":{"line":610,"column":76}},"locations":[{"start":{"line":610,"column":64},"end":{"line":610,"column":76}}]},"130":{"type":"branch","line":610,"loc":{"start":{"line":610,"column":84},"end":{"line":610,"column":98}},"locations":[{"start":{"line":610,"column":84},"end":{"line":610,"column":98}}]},"131":{"type":"branch","line":610,"loc":{"start":{"line":610,"column":107},"end":{"line":610,"column":121}},"locations":[{"start":{"line":610,"column":107},"end":{"line":610,"column":121}}]},"132":{"type":"branch","line":617,"loc":{"start":{"line":617,"column":24},"end":{"line":617,"column":39}},"locations":[{"start":{"line":617,"column":24},"end":{"line":617,"column":39}}]},"133":{"type":"branch","line":622,"loc":{"start":{"line":622,"column":26},"end":{"line":624,"column":15}},"locations":[{"start":{"line":622,"column":26},"end":{"line":624,"column":15}}]},"134":{"type":"branch","line":624,"loc":{"start":{"line":624,"column":4},"end":{"line":626,"column":5}},"locations":[{"start":{"line":624,"column":4},"end":{"line":626,"column":5}}]},"135":{"type":"branch","line":626,"loc":{"start":{"line":626,"column":4},"end":{"line":631,"column":11}},"locations":[{"start":{"line":626,"column":4},"end":{"line":631,"column":11}}]},"136":{"type":"branch","line":631,"loc":{"start":{"line":631,"column":2},"end":{"line":644,"column":3}},"locations":[{"start":{"line":631,"column":2},"end":{"line":644,"column":3}}]},"137":{"type":"branch","line":447,"loc":{"start":{"line":447,"column":51},"end":{"line":447,"column":69}},"locations":[{"start":{"line":447,"column":51},"end":{"line":447,"column":69}}]},"138":{"type":"branch","line":565,"loc":{"start":{"line":565,"column":47},"end":{"line":581,"column":5}},"locations":[{"start":{"line":565,"column":47},"end":{"line":581,"column":5}}]},"139":{"type":"branch","line":566,"loc":{"start":{"line":566,"column":23},"end":{"line":566,"column":37}},"locations":[{"start":{"line":566,"column":23},"end":{"line":566,"column":37}}]},"140":{"type":"branch","line":568,"loc":{"start":{"line":568,"column":47},"end":{"line":568,"column":78}},"locations":[{"start":{"line":568,"column":47},"end":{"line":568,"column":78}}]},"141":{"type":"branch","line":569,"loc":{"start":{"line":569,"column":29},"end":{"line":569,"column":45}},"locations":[{"start":{"line":569,"column":29},"end":{"line":569,"column":45}}]},"142":{"type":"branch","line":574,"loc":{"start":{"line":574,"column":43},"end":{"line":574,"column":62}},"locations":[{"start":{"line":574,"column":43},"end":{"line":574,"column":62}}]},"143":{"type":"branch","line":575,"loc":{"start":{"line":575,"column":43},"end":{"line":575,"column":84}},"locations":[{"start":{"line":575,"column":43},"end":{"line":575,"column":84}}]},"144":{"type":"branch","line":575,"loc":{"start":{"line":575,"column":79},"end":{"line":575,"column":94}},"locations":[{"start":{"line":575,"column":79},"end":{"line":575,"column":94}}]},"145":{"type":"branch","line":569,"loc":{"start":{"line":569,"column":49},"end":{"line":569,"column":67}},"locations":[{"start":{"line":569,"column":49},"end":{"line":569,"column":67}}]}},"b":{"0":[13],"1":[1],"2":[12],"3":[0],"4":[0],"5":[0],"6":[0],"7":[3],"8":[0],"9":[0],"10":[0],"11":[12],"12":[11],"13":[0],"14":[0],"15":[0],"16":[0],"17":[0],"18":[0],"19":[0],"20":[0],"21":[0],"22":[12],"23":[6],"24":[12],"25":[6],"26":[6],"27":[6],"28":[2],"29":[10],"30":[3],"31":[1],"32":[9],"33":[2],"34":[0],"35":[9],"36":[3],"37":[1],"38":[0],"39":[8],"40":[4],"41":[1],"42":[0],"43":[0],"44":[0],"45":[0],"46":[0],"47":[0],"48":[0],"49":[0],"50":[0],"51":[3],"52":[1],"53":[0],"54":[0],"55":[0],"56":[0],"57":[0],"58":[0],"59":[0],"60":[0],"61":[0],"62":[0],"63":[0],"64":[0],"65":[0],"66":[0],"67":[0],"68":[0],"69":[2],"70":[0],"71":[0],"72":[0],"73":[0],"74":[0],"75":[0],"76":[0],"77":[0],"78":[1],"79":[0],"80":[1],"81":[1],"82":[0],"83":[0],"84":[0],"85":[0],"86":[0],"87":[0],"88":[0],"89":[0],"90":[0],"91":[0],"92":[1],"93":[0],"94":[0],"95":[0],"96":[0],"97":[0],"98":[0],"99":[0],"100":[0],"101":[0],"102":[0],"103":[0],"104":[0],"105":[0],"106":[0],"107":[0],"108":[0],"109":[0],"110":[0],"111":[0],"112":[0],"113":[0],"114":[0],"115":[0],"116":[0],"117":[0],"118":[0],"119":[3],"120":[0],"121":[1],"122":[2],"123":[0],"124":[0],"125":[0],"126":[0],"127":[0],"128":[0],"129":[0],"130":[0],"131":[0],"132":[0],"133":[3],"134":[0],"135":[3],"136":[0],"137":[1],"138":[4],"139":[0],"140":[0],"141":[0],"142":[0],"143":[1],"144":[3],"145":[1]},"fnMap":{"0":{"name":"POST","decl":{"start":{"line":6,"column":0},"end":{"line":645,"column":1}},"loc":{"start":{"line":6,"column":0},"end":{"line":645,"column":1}},"line":6}},"f":{"0":13}}
,"/home/devel/nocloud/app/api/webhook/stripe/route.ts": {"path":"/home/devel/nocloud/app/api/webhook/stripe/route.ts","all":false,"statementMap":{"0":{"start":{"line":1,"column":0},"end":{"line":1,"column":56}},"4":{"start":{"line":5,"column":0},"end":{"line":5,"column":50}},"5":{"start":{"line":6,"column":0},"end":{"line":6,"column":77}},"6":{"start":{"line":7,"column":0},"end":{"line":7,"column":95}},"7":{"start":{"line":8,"column":0},"end":{"line":8,"column":83}},"8":{"start":{"line":9,"column":0},"end":{"line":9,"column":3}},"10":{"start":{"line":11,"column":0},"end":{"line":11,"column":70}},"11":{"start":{"line":12,"column":0},"end":{"line":12,"column":43}},"12":{"start":{"line":13,"column":0},"end":{"line":13,"column":5}},"14":{"start":{"line":15,"column":0},"end":{"line":15,"column":36}},"15":{"start":{"line":16,"column":0},"end":{"line":16,"column":66}},"17":{"start":{"line":18,"column":0},"end":{"line":18,"column":26}},"19":{"start":{"line":20,"column":0},"end":{"line":20,"column":7}},"20":{"start":{"line":21,"column":0},"end":{"line":21,"column":43}},"21":{"start":{"line":22,"column":0},"end":{"line":22,"column":11}},"22":{"start":{"line":23,"column":0},"end":{"line":23,"column":16}},"23":{"start":{"line":24,"column":0},"end":{"line":24,"column":49}},"24":{"start":{"line":25,"column":0},"end":{"line":25,"column":6}},"25":{"start":{"line":26,"column":0},"end":{"line":26,"column":22}},"26":{"start":{"line":27,"column":0},"end":{"line":27,"column":75}},"27":{"start":{"line":28,"column":0},"end":{"line":28,"column":74}},"28":{"start":{"line":29,"column":0},"end":{"line":29,"column":3}},"30":{"start":{"line":31,"column":0},"end":{"line":31,"column":52}},"31":{"start":{"line":32,"column":0},"end":{"line":32,"column":65}},"33":{"start":{"line":34,"column":0},"end":{"line":34,"column":44}},"34":{"start":{"line":35,"column":0},"end":{"line":35,"column":129}},"35":{"start":{"line":36,"column":0},"end":{"line":36,"column":31}},"36":{"start":{"line":37,"column":0},"end":{"line":37,"column":91}},"37":{"start":{"line":38,"column":0},"end":{"line":38,"column":62}},"40":{"start":{"line":41,"column":0},"end":{"line":41,"column":79}},"41":{"start":{"line":42,"column":0},"end":{"line":42,"column":73}},"42":{"start":{"line":43,"column":0},"end":{"line":43,"column":70}},"43":{"start":{"line":44,"column":0},"end":{"line":44,"column":51}},"44":{"start":{"line":45,"column":0},"end":{"line":45,"column":52}},"45":{"start":{"line":46,"column":0},"end":{"line":46,"column":57}},"46":{"start":{"line":47,"column":0},"end":{"line":47,"column":92}},"47":{"start":{"line":48,"column":0},"end":{"line":48,"column":60}},"48":{"start":{"line":49,"column":0},"end":{"line":49,"column":38}},"50":{"start":{"line":51,"column":0},"end":{"line":51,"column":29}},"51":{"start":{"line":52,"column":0},"end":{"line":52,"column":67}},"52":{"start":{"line":53,"column":0},"end":{"line":53,"column":9}},"53":{"start":{"line":54,"column":0},"end":{"line":54,"column":30}},"54":{"start":{"line":55,"column":0},"end":{"line":55,"column":54}},"55":{"start":{"line":56,"column":0},"end":{"line":56,"column":96}},"56":{"start":{"line":57,"column":0},"end":{"line":57,"column":7}},"57":{"start":{"line":58,"column":0},"end":{"line":58,"column":14}},"59":{"start":{"line":60,"column":0},"end":{"line":60,"column":94}},"62":{"start":{"line":63,"column":0},"end":{"line":63,"column":34}},"63":{"start":{"line":64,"column":0},"end":{"line":64,"column":120}},"64":{"start":{"line":65,"column":0},"end":{"line":65,"column":61}},"65":{"start":{"line":66,"column":0},"end":{"line":66,"column":123}},"66":{"start":{"line":67,"column":0},"end":{"line":67,"column":11}},"67":{"start":{"line":68,"column":0},"end":{"line":68,"column":31}},"68":{"start":{"line":69,"column":0},"end":{"line":69,"column":72}},"69":{"start":{"line":70,"column":0},"end":{"line":70,"column":72}},"70":{"start":{"line":71,"column":0},"end":{"line":71,"column":95}},"71":{"start":{"line":72,"column":0},"end":{"line":72,"column":144}},"72":{"start":{"line":73,"column":0},"end":{"line":73,"column":83}},"73":{"start":{"line":74,"column":0},"end":{"line":74,"column":82}},"74":{"start":{"line":75,"column":0},"end":{"line":75,"column":59}},"75":{"start":{"line":76,"column":0},"end":{"line":76,"column":64}},"76":{"start":{"line":77,"column":0},"end":{"line":77,"column":63}},"77":{"start":{"line":78,"column":0},"end":{"line":78,"column":84}},"78":{"start":{"line":79,"column":0},"end":{"line":79,"column":201}},"79":{"start":{"line":80,"column":0},"end":{"line":80,"column":116}},"80":{"start":{"line":81,"column":0},"end":{"line":81,"column":34}},"81":{"start":{"line":82,"column":0},"end":{"line":82,"column":58}},"82":{"start":{"line":83,"column":0},"end":{"line":83,"column":28}},"83":{"start":{"line":84,"column":0},"end":{"line":84,"column":30}},"84":{"start":{"line":85,"column":0},"end":{"line":85,"column":17}},"85":{"start":{"line":86,"column":0},"end":{"line":86,"column":59}},"86":{"start":{"line":87,"column":0},"end":{"line":87,"column":32}},"87":{"start":{"line":88,"column":0},"end":{"line":88,"column":37}},"88":{"start":{"line":89,"column":0},"end":{"line":89,"column":64}},"89":{"start":{"line":90,"column":0},"end":{"line":90,"column":107}},"90":{"start":{"line":91,"column":0},"end":{"line":91,"column":26}},"91":{"start":{"line":92,"column":0},"end":{"line":92,"column":69}},"92":{"start":{"line":93,"column":0},"end":{"line":93,"column":68}},"93":{"start":{"line":94,"column":0},"end":{"line":94,"column":62}},"94":{"start":{"line":95,"column":0},"end":{"line":95,"column":60}},"95":{"start":{"line":96,"column":0},"end":{"line":96,"column":39}},"96":{"start":{"line":97,"column":0},"end":{"line":97,"column":72}},"97":{"start":{"line":98,"column":0},"end":{"line":98,"column":24}},"98":{"start":{"line":99,"column":0},"end":{"line":99,"column":34}},"99":{"start":{"line":100,"column":0},"end":{"line":100,"column":33}},"101":{"start":{"line":102,"column":0},"end":{"line":102,"column":11}},"102":{"start":{"line":103,"column":0},"end":{"line":103,"column":26}},"103":{"start":{"line":104,"column":0},"end":{"line":104,"column":84}},"104":{"start":{"line":105,"column":0},"end":{"line":105,"column":7}},"105":{"start":{"line":106,"column":0},"end":{"line":106,"column":5}},"108":{"start":{"line":109,"column":0},"end":{"line":109,"column":44}},"109":{"start":{"line":110,"column":0},"end":{"line":110,"column":11}},"110":{"start":{"line":111,"column":0},"end":{"line":111,"column":30}},"111":{"start":{"line":112,"column":0},"end":{"line":112,"column":74}},"112":{"start":{"line":113,"column":0},"end":{"line":113,"column":57}},"113":{"start":{"line":114,"column":0},"end":{"line":114,"column":105}},"114":{"start":{"line":115,"column":0},"end":{"line":115,"column":190}},"115":{"start":{"line":116,"column":0},"end":{"line":116,"column":34}},"116":{"start":{"line":117,"column":0},"end":{"line":117,"column":58}},"117":{"start":{"line":118,"column":0},"end":{"line":118,"column":38}},"118":{"start":{"line":119,"column":0},"end":{"line":119,"column":29}},"119":{"start":{"line":120,"column":0},"end":{"line":120,"column":17}},"120":{"start":{"line":121,"column":0},"end":{"line":121,"column":34}},"121":{"start":{"line":122,"column":0},"end":{"line":122,"column":77}},"122":{"start":{"line":123,"column":0},"end":{"line":123,"column":69}},"123":{"start":{"line":124,"column":0},"end":{"line":124,"column":107}},"124":{"start":{"line":125,"column":0},"end":{"line":125,"column":173}},"125":{"start":{"line":126,"column":0},"end":{"line":126,"column":60}},"126":{"start":{"line":127,"column":0},"end":{"line":127,"column":59}},"127":{"start":{"line":128,"column":0},"end":{"line":128,"column":53}},"128":{"start":{"line":129,"column":0},"end":{"line":129,"column":53}},"129":{"start":{"line":130,"column":0},"end":{"line":130,"column":63}},"130":{"start":{"line":131,"column":0},"end":{"line":131,"column":70}},"131":{"start":{"line":132,"column":0},"end":{"line":132,"column":32}},"133":{"start":{"line":134,"column":0},"end":{"line":134,"column":11}},"134":{"start":{"line":135,"column":0},"end":{"line":135,"column":26}},"135":{"start":{"line":136,"column":0},"end":{"line":136,"column":81}},"136":{"start":{"line":137,"column":0},"end":{"line":137,"column":7}},"137":{"start":{"line":138,"column":0},"end":{"line":138,"column":5}},"144":{"start":{"line":145,"column":0},"end":{"line":145,"column":80}},"147":{"start":{"line":148,"column":0},"end":{"line":148,"column":51}},"148":{"start":{"line":149,"column":0},"end":{"line":149,"column":78}},"149":{"start":{"line":150,"column":0},"end":{"line":150,"column":22}},"150":{"start":{"line":151,"column":0},"end":{"line":151,"column":41}},"151":{"start":{"line":152,"column":0},"end":{"line":152,"column":42}},"152":{"start":{"line":153,"column":0},"end":{"line":153,"column":13}},"153":{"start":{"line":154,"column":0},"end":{"line":154,"column":58}},"154":{"start":{"line":155,"column":0},"end":{"line":155,"column":45}},"155":{"start":{"line":156,"column":0},"end":{"line":156,"column":42}},"156":{"start":{"line":157,"column":0},"end":{"line":157,"column":12}},"157":{"start":{"line":158,"column":0},"end":{"line":158,"column":48}},"158":{"start":{"line":159,"column":0},"end":{"line":159,"column":70}},"159":{"start":{"line":160,"column":0},"end":{"line":160,"column":31}},"160":{"start":{"line":161,"column":0},"end":{"line":161,"column":113}},"161":{"start":{"line":162,"column":0},"end":{"line":162,"column":9}},"162":{"start":{"line":163,"column":0},"end":{"line":163,"column":7}},"165":{"start":{"line":166,"column":0},"end":{"line":166,"column":54}},"166":{"start":{"line":167,"column":0},"end":{"line":167,"column":13}},"167":{"start":{"line":168,"column":0},"end":{"line":168,"column":106}},"168":{"start":{"line":169,"column":0},"end":{"line":169,"column":97}},"169":{"start":{"line":170,"column":0},"end":{"line":170,"column":44}},"170":{"start":{"line":171,"column":0},"end":{"line":171,"column":27}},"171":{"start":{"line":172,"column":0},"end":{"line":172,"column":87}},"172":{"st
[...]
{"line":91,"column":52}},"91":{"start":{"line":92,"column":0},"end":{"line":92,"column":68}},"92":{"start":{"line":93,"column":0},"end":{"line":93,"column":78}},"93":{"start":{"line":94,"column":0},"end":{"line":94,"column":87}},"94":{"start":{"line":95,"column":0},"end":{"line":95,"column":16}},"96":{"start":{"line":97,"column":0},"end":{"line":97,"column":32}},"97":{"start":{"line":98,"column":0},"end":{"line":98,"column":116}},"98":{"start":{"line":99,"column":0},"end":{"line":99,"column":37}},"99":{"start":{"line":100,"column":0},"end":{"line":100,"column":41}},"100":{"start":{"line":101,"column":0},"end":{"line":101,"column":116}},"101":{"start":{"line":102,"column":0},"end":{"line":102,"column":81}},"102":{"start":{"line":103,"column":0},"end":{"line":103,"column":64}},"103":{"start":{"line":104,"column":0},"end":{"line":104,"column":22}},"104":{"start":{"line":105,"column":0},"end":{"line":105,"column":17}},"105":{"start":{"line":106,"column":0},"end":{"line":106,"column":18}},"106":{"start":{"line":107,"column":0},"end":{"line":107,"column":16}},"109":{"start":{"line":110,"column":0},"end":{"line":110,"column":32}},"110":{"start":{"line":111,"column":0},"end":{"line":111,"column":116}},"111":{"start":{"line":112,"column":0},"end":{"line":112,"column":55}},"112":{"start":{"line":113,"column":0},"end":{"line":113,"column":194}},"113":{"start":{"line":114,"column":0},"end":{"line":114,"column":81}},"114":{"start":{"line":115,"column":0},"end":{"line":115,"column":181}},"115":{"start":{"line":116,"column":0},"end":{"line":116,"column":83}},"116":{"start":{"line":117,"column":0},"end":{"line":117,"column":18}},"117":{"start":{"line":118,"column":0},"end":{"line":118,"column":16}},"119":{"start":{"line":120,"column":0},"end":{"line":120,"column":15}},"120":{"start":{"line":121,"column":0},"end":{"line":121,"column":124}},"121":{"start":{"line":122,"column":0},"end":{"line":122,"column":39}},"122":{"start":{"line":123,"column":0},"end":{"line":123,"column":181}},"123":{"start":{"line":124,"column":0},"end":{"line":124,"column":137}},"124":{"start":{"line":125,"column":0},"end":{"line":125,"column":40}},"125":{"start":{"line":126,"column":0},"end":{"line":126,"column":216}},"126":{"start":{"line":127,"column":0},"end":{"line":127,"column":86}},"127":{"start":{"line":128,"column":0},"end":{"line":128,"column":22}},"128":{"start":{"line":129,"column":0},"end":{"line":129,"column":22}},"129":{"start":{"line":130,"column":0},"end":{"line":130,"column":181}},"130":{"start":{"line":131,"column":0},"end":{"line":131,"column":135}},"131":{"start":{"line":132,"column":0},"end":{"line":132,"column":40}},"132":{"start":{"line":133,"column":0},"end":{"line":133,"column":217}},"133":{"start":{"line":134,"column":0},"end":{"line":134,"column":92}},"134":{"start":{"line":135,"column":0},"end":{"line":135,"column":22}},"135":{"start":{"line":136,"column":0},"end":{"line":136,"column":22}},"136":{"start":{"line":137,"column":0},"end":{"line":137,"column":18}},"137":{"start":{"line":138,"column":0},"end":{"line":138,"column":16}},"138":{"start":{"line":139,"column":0},"end":{"line":139,"column":14}},"140":{"start":{"line":141,"column":0},"end":{"line":141,"column":122}},"141":{"start":{"line":142,"column":0},"end":{"line":142,"column":15}},"142":{"start":{"line":143,"column":0},"end":{"line":143,"column":75}},"143":{"start":{"line":144,"column":0},"end":{"line":144,"column":101}},"144":{"start":{"line":145,"column":0},"end":{"line":145,"column":36}},"145":{"start":{"line":146,"column":0},"end":{"line":146,"column":123}},"147":{"start":{"line":148,"column":0},"end":{"line":148,"column":16}},"148":{"start":{"line":149,"column":0},"end":{"line":149,"column":141}},"149":{"start":{"line":150,"column":0},"end":{"line":150,"column":28}},"150":{"start":{"line":151,"column":0},"end":{"line":151,"column":19}},"151":{"start":{"line":152,"column":0},"end":{"line":152,"column":14}},"152":{"start":{"line":153,"column":0},"end":{"line":153,"column":12}},"153":{"start":{"line":154,"column":0},"end":{"line":154,"column":10}},"155":{"start":{"line":156,"column":0},"end":{"line":156,"column":1}}},"s":{"0":0,"14":0,"15":0,"16":0,"17":0,"18":0,"19":0,"20":0,"22":0,"23":0,"24":0,"25":0,"26":0,"27":0,"28":0,"30":0,"31":0,"32":0,"33":0,"34":0,"35":0,"36":0,"38":0,"39":0,"40":0,"41":0,"42":0,"44":0,"45":0,"46":0,"48":0,"49":0,"50":0,"52":0,"54":0,"55":0,"56":0,"57":0,"59":0,"60":0,"61":0,"63":0,"64":0,"66":0,"67":0,"68":0,"69":0,"70":0,"71":0,"72":0,"73":0,"74":0,"75":0,"77":0,"79":0,"80":0,"81":0,"82":0,"83":0,"84":0,"85":0,"86":0,"87":0,"88":0,"90":0,"91":0,"92":0,"93":0,"94":0,"96":0,"97":0,"98":0,"99":0,"100":0,"101":0,"102":0,"103":0,"104":0,"105":0,"106":0,"109":0,"110":0,"111":0,"112":0,"113":0,"114":0,"115":0,"116":0,"117":0,"119":0,"120":0,"121":0,"122":0,"123":0,"124":0,"125":0,"126":0,"127":0,"128":0,"129":0,"130":0,"131":0,"132":0,"133":0,"134":0,"135":0,"136":0,"137":0,"138":0,"140":0,"141":0,"142":0,"143":0,"144":0,"145":0,"147":0,"148":0,"149":0,"150":0,"151":0,"152":0,"153":0,"155":0},"branchMap":{"0":{"type":"branch","line":1,"loc":{"start":{"line":1,"column":0},"end":{"line":156,"column":-3149}},"locations":[{"start":{"line":1,"column":0},"end":{"line":156,"column":-3149}}]}},"b":{"0":[0]},"fnMap":{"0":{"name":"(empty-report)","decl":{"start":{"line":1,"column":0},"end":{"line":156,"column":-3149}},"loc":{"start":{"line":1,"column":0},"end":{"line":156,"column":-3149}},"line":1}},"f":{"0":0}}
,"/home/devel/nocloud/components/ProductCard.tsx": {"path":"/home/devel/nocloud/components/ProductCard.tsx","all":true,"statementMap":{"0":{"start":{"line":1,"column":0},"end":{"line":1,"column":13}},"10":{"start":{"line":11,"column":0},"end":{"line":11,"column":70}},"11":{"start":{"line":12,"column":0},"end":{"line":12,"column":40}},"13":{"start":{"line":14,"column":0},"end":{"line":14,"column":45}},"15":{"start":{"line":16,"column":0},"end":{"line":16,"column":10}},"16":{"start":{"line":17,"column":0},"end":{"line":17,"column":101}},"17":{"start":{"line":18,"column":0},"end":{"line":18,"column":49}},"18":{"start":{"line":19,"column":0},"end":{"line":19,"column":13}},"19":{"start":{"line":20,"column":0},"end":{"line":20,"column":166}},"20":{"start":{"line":21,"column":0},"end":{"line":21,"column":26}},"21":{"start":{"line":22,"column":0},"end":{"line":22,"column":16}},"22":{"start":{"line":23,"column":0},"end":{"line":23,"column":90}},"23":{"start":{"line":24,"column":0},"end":{"line":24,"column":14}},"24":{"start":{"line":25,"column":0},"end":{"line":25,"column":36}},"25":{"start":{"line":26,"column":0},"end":{"line":26,"column":67}},"26":{"start":{"line":27,"column":0},"end":{"line":27,"column":85}},"27":{"start":{"line":28,"column":0},"end":{"line":28,"column":14}},"28":{"start":{"line":29,"column":0},"end":{"line":29,"column":12}},"30":{"start":{"line":31,"column":0},"end":{"line":31,"column":85}},"32":{"start":{"line":33,"column":0},"end":{"line":33,"column":36}},"33":{"start":{"line":34,"column":0},"end":{"line":34,"column":68}},"34":{"start":{"line":35,"column":0},"end":{"line":35,"column":43}},"35":{"start":{"line":36,"column":0},"end":{"line":36,"column":140}},"36":{"start":{"line":37,"column":0},"end":{"line":37,"column":21}},"37":{"start":{"line":38,"column":0},"end":{"line":38,"column":17}},"38":{"start":{"line":39,"column":0},"end":{"line":39,"column":14}},"39":{"start":{"line":40,"column":0},"end":{"line":40,"column":12}},"41":{"start":{"line":42,"column":0},"end":{"line":42,"column":14}},"42":{"start":{"line":43,"column":0},"end":{"line":43,"column":29}},"43":{"start":{"line":44,"column":0},"end":{"line":44,"column":173}},"45":{"start":{"line":46,"column":0},"end":{"line":46,"column":24}},"46":{"start":{"line":47,"column":0},"end":{"line":47,"column":15}},"47":{"start":{"line":48,"column":0},"end":{"line":48,"column":10}},"49":{"start":{"line":50,"column":0},"end":{"line":50,"column":1}}},"s":{"0":0,"10":0,"11":0,"13":0,"15":0,"16":0,"17":0,"18":0,"19":0,"20":0,"21":0,"22":0,"23":0,"24":0,"25":0,"26":0,"27":0,"28":0,"30":0,"32":0,"33":0,"34":0,"35":0,"36":0,"37":0,"38":0,"39":0,"41":0,"42":0,"43":0,"45":0,"46":0,"47":0,"49":0},"branchMap":{"0":{"type":"branch","line":1,"loc":{"start":{"line":1,"column":0},"end":{"line":50,"column":-881}},"locations":[{"start":{"line":1,"column":0},"end":{"line":50,"column":-881}}]}},"b":{"0":[0]},"fnMap":{"0":{"name":"(empty-report)","decl":{"start":{"line":1,"column":0},"end":{"line":50,"column":-881}},"loc":{"start":{"line":1,"column":0},"end":{"line":50,"column":-881}},"line":1}},"f":{"0":0}}
,"/home/devel/nocloud/lib/pricing.ts": {"path":"/home/devel/nocloud/lib/pricing.ts","all":false,"statementMap":{"28":{"start":{"line":29,"column":0},"end":{"line":29,"column":59}},"32":{"start":{"line":33,"column":0},"end":{"line":33,"column":32}},"33":{"start":{"line":34,"column":0},"end":{"line":34,"column":13}},"34":{"start":{"line":35,"column":0},"end":{"line":35,"column":15}},"35":{"start":{"line":36,"column":0},"end":{"line":36,"column":15}},"36":{"start":{"line":37,"column":0},"end":{"line":37,"column":11}},"38":{"start":{"line":39,"column":0},"end":{"line":39,"column":31}},"39":{"start":{"line":40,"column":0},"end":{"line":40,"column":18}},"40":{"start":{"line":41,"column":0},"end":{"line":41,"column":24}},"41":{"start":{"line":42,"column":0},"end":{"line":42,"column":11}},"43":{"start":{"line":44,"column":0},"end":{"line":44,"column":100}},"44":{"start":{"line":45,"column":0},"end":{"line":45,"column":100}},"45":{"start":{"line":46,"column":0},"end":{"line":46,"column":91}},"46":{"start":{"line":47,"column":0},"end":{"line":47,"column":37}},"47":{"start":{"line":48,"column":0},"end":{"line":48,"column":36}},"49":{"start":{"line":50,"column":0},"end":{"line":50,"column":107}},"50":{"start":{"line":51,"column":0},"end":{"line":51,"column":107}},"52":{"start":{"line":53,"column":0},"end":{"line":53,"column":121}},"54":{"start":{"line":55,"column":0},"end":{"line":55,"column":51}},"60":{"start":{"line":61,"column":0},"end":{"line":61,"column":112}},"68":{"start":{"line":69,"column":0},"end":{"line":69,"column":56}},"69":{"start":{"line":70,"column":0},"end":{"line":70,"column":59}},"70":{"start":{"line":71,"column":0},"end":{"line":71,"column":27}},"71":{"start":{"line":72,"column":0},"end":{"line":72,"column":1}},"73":{"start":{"line":74,"column":0},"end":{"line":74,"column":58}},"74":{"start":{"line":75,"column":0},"end":{"line":75,"column":34}},"75":{"start":{"line":76,"column":0},"end":{"line":76,"column":1}},"96":{"start":{"line":97,"column":0},"end":{"line":97,"column":98}},"97":{"start":{"line":98,"column":0},"end":{"line":98,"column":77}},"99":{"start":{"line":100,"column":0},"end":{"line":100,"column":19}},"100":{"start":{"line":101,"column":0},"end":{"line":101,"column":12}},"101":{"start":{"line":102,"column":0},"end":{"line":102,"column":16}},"102":{"start":{"line":103,"column":0},"end":{"line":103,"column":22}},"103":{"start":{"line":104,"column":0},"end":{"line":104,"column":26}},"104":{"start":{"line":105,"column":0},"end":{"line":105,"column":23}},"105":{"start":{"line":106,"column":0},"end":{"line":106,"column":24}},"106":{"start":{"line":107,"column":0},"end":{"line":107,"column":23}},"107":{"start":{"line":108,"column":0},"end":{"line":108,"column":6}},"108":{"start":{"line":109,"column":0},"end":{"line":109,"column":3}},"110":{"start":{"line":111,"column":0},"end":{"line":111,"column":76}},"111":{"start":{"line":112,"column":0},"end":{"line":112,"column":55}},"113":{"start":{"line":114,"column":0},"end":{"line":114,"column":90}},"114":{"start":{"line":115,"column":0},"end":{"line":115,"column":62}},"116":{"start":{"line":117,"column":0},"end":{"line":117,"column":10}},"117":{"start":{"line":118,"column":0},"end":{"line":118,"column":11}},"118":{"start":{"line":119,"column":0},"end":{"line":119,"column":53}},"119":{"start":{"line":120,"column":0},"end":{"line":120,"column":21}},"120":{"start":{"line":121,"column":0},"end":{"line":121,"column":18}},"121":{"start":{"line":122,"column":0},"end":{"line":122,"column":19}},"122":{"start":{"line":123,"column":0},"end":{"line":123,"column":20}},"123":{"start":{"line":124,"column":0},"end":{"line":124,"column":4}},"124":{"start":{"line":125,"column":0},"end":{"line":125,"column":1}},"126":{"start":{"line":127,"column":0},"end":{"line":127,"column":64}},"127":{"start":{"line":128,"column":0},"end":{"line":128,"column":66}},"128":{"start":{"line":129,"column":0},"end":{"line":129,"column":1}},"130":{"start":{"line":131,"column":0},"end":{"line":131,"column":65}},"131":{"start":{"line":132,"column":0},"end":{"line":132,"column":47}},"132":{"start":{"line":133,"column":0},"end":{"line":133,"column":61}},"133":{"start":{"line":134,"column":0},"end":{"line":134,"column":1}},"135":{"start":{"line":136,"column":0},"end":{"line":136,"column":58}},"136":{"start":{"line":137,"column":0},"end":{"line":137,"column":27}},"137":{"start":{"line":138,"column":0},"end":{"line":138,"column":1}},"139":{"start":{"line":140,"column":0},"end":{"line":140,"column":62}},"140":{"start":{"line":141,"column":0},"end":{"line":141,"column":62}},"141":{"start":{"line":142,"column":0},"end":{"line":142,"column":1}},"143":{"start":{"line":144,"column":0},"end":{"line":144,"column":101}},"144":{"start":{"line":145,"column":0},"end":{"line":145,"column":50}},"145":{"start":{"line":146,"column":0},"end":{"line":146,"column":54}},"146":{"start":{"line":147,"column":0},"end":{"line":147,"column":1}},"150":{"start":{"line":151,"column":0},"end":{"line":151,"column":72}}},"s":{"28":1,"32":1,"33":1,"34":1,"35":1,"36":1,"38":1,"39":1,"40":1,"41":1,"43":1,"44":1,"45":1,"46":1,"47":1,"49":1,"50":1,"52":1,"54":1,"60":1,"68":1,"69":23,"70":23,"71":23,"73":1,"74":6,"75":6,"96":1,"97":28,"99":28,"100":9,"101":9,"102":9,"103":9,"104":9,"105":9,"106":9,"107":9,"108":9,"110":19,"111":19,"113":28,"114":28,"116":28,"117":28,"118":28,"119":28,"120":28,"121":28,"122":28,"123":28,"124":28,"126":1,"127":7,"128":7,"130":1,"131":3,"132":2,"133":2,"135":1,"136":6,"137":6,"139":1,"140":7,"141":7,"143":1,"144":6,"145":0,"146":6,"150":1},"branchMap":{"0":{"type":"branch","line":69,"loc":{"start":{"line":69,"column":7},"end":{"line":72,"column":1}},"locations":[{"start":{"line":69,"column":7},"end":{"line":72,"column":1}}]},"1":{"type":"branch","line":71,"loc":{"start":{"line":71,"column":20},"end":{"line":71,"column":27}},"locations":[{"start":{"line":71,"column":20},"end":{"line":71,"column":27}}]},"2":{"type":"branch","line":74,"loc":{"start":{"line":74,"column":7},"end":{"line":76,"column":1}},"locations":[{"start":{"line":74,"column":7},"end":{"line":76,"column":1}}]},"3":{"type":"branch","line":75,"loc":{"start":{"line":75,"column":27},"end":{"line":75,"column":34}},"locations":[{"start":{"line":75,"column":27},"end":{"line":75,"column":34}}]},"4":{"type":"branch","line":97,"loc":{"start":{"line":97,"column":7},"end":{"line":125,"column":1}},"locations":[{"start":{"line":97,"column":7},"end":{"line":125,"column":1}}]},"5":{"type":"branch","line":98,"loc":{"start":{"line":98,"column":37},"end":{"line":98,"column":77}},"locations":[{"start":{"line":98,"column":37},"end":{"line":98,"column":77}}]},"6":{"type":"branch","line":100,"loc":{"start":{"line":100,"column":18},"end":{"line":109,"column":3}},"locations":[{"start":{"line":100,"column":18},"end":{"line":109,"column":3}}]},"7":{"type":"branch","line":109,"loc":{"start":{"line":109,"column":2},"end":{"line":114,"column":51}},"locations":[{"start":{"line":109,"column":2},"end":{"line":114,"column":51}}]},"8":{"type":"branch","line":114,"loc":{"start":{"line":114,"column":33},"end":{"line":114,"column":72}},"locations":[{"start":{"line":114,"column":33},"end":{"line":114,"column":72}}]},"9":{"type":"branch","line":114,"loc":{"start":{"line":114,"column":51},"end":{"line":114,"column":90}},"locations":[{"start":{"line":114,"column":51},"end":{"line":114,"column":90}}]},"10":{"type":"branch","line":127,"loc":{"start":{"line":127,"column":7},"end":{"line":129,"column":1}},"locations":[{"start":{"line":127,"column":7},"end":{"line":129,"column":1}}]},"11":{"type":"branch","line":128,"loc":{"start":{"line":128,"column":26},"end":{"line":128,"column":66}},"locations":[{"start":{"line":128,"column":26},"end":{"line":128,"column":66}}]},"12":{"type":"branch","line":131,"loc":{"start":{"line":131,"column":7},"end":{"line":134,"column":1}},"locations":[{"start":{"line":131,"column":7},"end":{"line":134,"column":1}}]},"13":{"type":"branch","line":132,"loc":{"start":{"line":132,"column":38},"end":{"line":132,"column":47}},"locations":[{"start":{"line":132,"column":38},"end":{"line":132,"column":47}}]},"14":{"type":"branch","line":132,"loc":{"start":{"line":132,"column":45},"end":{"line":134,"column":1}},"locations":[{"start":{"line":132,"column":45},"end":{"line":134,"column":1}}]},"15":{"type":"branch","line":136,"loc":{"start":{"line":136,"column":7},"end":{"line":138,"column":1}},"locations":[{"start":{"line":136,"column":7},"end":{"line":138,"column":1}}]},"16":{"type":"branch","line":140,"loc":{"start":{"line":140,"column":7},"end":{"line":142,"column":1}},"locations":[{"start":{"line":140,"column":7},"end":{"line":142,"column":1}}]},"17":{"type":"branch","line":141,"loc":{"start":{"line":141,"column":26},"end":{"line":141,"column":62}},"locations":[{"start":{"line":141,"column":26},"end":{"line":141,"column":62}}]},"18":{"type":"branch","line":144,"loc":{"start":{"line":144,"column":7},"end":{"line":147,"column":1}},"locations":[{"start":{"line":144,"column":7},"end":{"line":147,"column":1}}]},"19":{"type":"branch","line":145,"loc":{"start":{"line":145,"column":45},"end":{"line":146,"column":54}},"locations":[{"start":{"line":145,"column":45},"end":{"line":146,"column":54}}]}},"b":{"0":[23],"1":[2],"2":[6],"3":[1],"4":[28],"5":[23],"6":[9],"7":[19],"8":[11],"9":[8],"10":[7],"11":[5],"12":[3],"13":[1],"14":[2],"15":[6],"16":[7],"17":[6],"18":[6],"19":[0]},"fnMap":{"0":{"name":"getHardwarePrice","decl":{"start":{"line":69,"column":7},"end":{"line":72,"column":1}},"loc":{"start":{"line":69,"column":7},"end":{"line":72,"column":1}},"line":69},"1":{"name":"getServicePrice","decl":{"start":{"line":74,"column":7},"end":{"line":76,"column":1}},"loc":{"start":{"line":74,"column":7},"end":{"line":76,"column":1}},"line":74},"2":{"name":"calculateLease","decl":{"start":{"line":97,"column":7},"end":{"line":125,"column":1}},"loc":{"start":{"line":97,"column":7},"end":{"line":125,"column":1}},"line":97},"3":{"name":"isLeaseAllowed","decl":{"start":{"line":127,"column":7},"end":{"line":129,"column":1}},"loc":{"start":{"line":127,"column":7},"end":{"line":129,"column":1}},"line":127},"4":{"name":"getUpfrontAmount","decl":{"start":{"line":131,"column":7},"end":{"line":134,"column":1}},"loc":{"start":{"line":131,"column":7},"end":{"line":134,"column":1}},"line":131},"5":{"name":"isOverSepaLimit","decl":{"start":{"line":136,"column":7},"end":{"line":138,"column":1}},"loc":{"start":{"line":136,"column":7},"end":{"line":138,"column":1}},"line":136},"6":{"name":"isPbiAllowed","decl":{"start":{"line":140,"column":7},"end":{"line":142,"column":1}},"loc":{"start":{"line":140,"column":7},"end":{"line":142,"column":1}},"line":140},"7":{"name":"isInvoiceAllowed","decl":{"start":{"line":144,"column":7},"end":{"line":147,"column":1}},"loc":{"start":{"line":144,"column":7},"end":{"line":147,"column":1}},"line":144}},"f":{"0":23,"1":6,"2":28,"3":7,"4":3,"5":6,"6":7,"7":6}}
,"/home/devel/nocloud/lib/types.ts": {"path":"/home/devel/nocloud/lib/types.ts","all":true,"statementMap":{},"s":{},"branchMap":{"0":{"type":"branch","line":1,"loc":{"start":{"line":1,"column":1342},"end":{"line":54,"column":1}},"locations":[{"start":{"line":1,"column":1342},"end":{"line":54,"column":1}}]}},"b":{"0":[1]},"fnMap":{"0":{"name":"(empty-report)","decl":{"start":{"line":1,"column":1342},"end":{"line":54,"column":1}},"loc":{"start":{"line":1,"column":1342},"end":{"line":54,"column":1}},"line":1}},"f":{"0":1}}
}
